#! /usr/bin/vvp
:ivl_version "11.0 (stable)";
:ivl_delay_selection "TYPICAL";
:vpi_time_precision + 0;
:vpi_module "/usr/lib/x86_64-linux-gnu/ivl/system.vpi";
:vpi_module "/usr/lib/x86_64-linux-gnu/ivl/vhdl_sys.vpi";
:vpi_module "/usr/lib/x86_64-linux-gnu/ivl/vhdl_textio.vpi";
:vpi_module "/usr/lib/x86_64-linux-gnu/ivl/v2005_math.vpi";
:vpi_module "/usr/lib/x86_64-linux-gnu/ivl/va_math.vpi";
S_0x565466a71b10 .scope module, "testbench" "testbench" 2 1;
 .timescale 0 0;
v0x565466aaa810_0 .var/i "i", 31 0;
v0x565466aaa910_0 .var/i "j", 31 0;
v0x565466aaa9f0_0 .var/i "k", 31 0;
v0x565466aaaab0_0 .var/i "l", 31 0;
v0x565466aaab90_0 .net "oa", 0 0, L_0x565466aab990;  1 drivers
v0x565466aaac30_0 .net "ob", 0 0, L_0x565466aabed0;  1 drivers
v0x565466aaacd0_0 .net "oc", 0 0, L_0x565466aac220;  1 drivers
v0x565466aaada0_0 .net "od", 0 0, L_0x565466aacaa0;  1 drivers
v0x565466aaae70_0 .net "oe", 0 0, L_0x565466aad500;  1 drivers
v0x565466aaafd0_0 .net "of", 0 0, L_0x565466aadcf0;  1 drivers
v0x565466aab0a0_0 .net "og", 0 0, L_0x565466aae3a0;  1 drivers
v0x565466aab170_0 .var "w", 0 0;
v0x565466aab210_0 .var "x", 0 0;
v0x565466aab2b0_0 .var "y", 0 0;
v0x565466aab350_0 .var "z", 0 0;
S_0x565466a71ca0 .scope module, "a_instance" "A" 2 5, 3 1 0, S_0x565466a71b10;
 .timescale 0 0;
    .port_info 0 /INPUT 1 "x";
    .port_info 1 /INPUT 1 "y";
    .port_info 2 /INPUT 1 "z";
    .port_info 3 /INPUT 1 "w";
    .port_info 4 /OUTPUT 1 "oa";
L_0x565466a69280 .functor NOT 1, v0x565466aab210_0, C4<0>, C4<0>, C4<0>;
L_0x565466a69500 .functor NOT 1, v0x565466aab2b0_0, C4<0>, C4<0>, C4<0>;
L_0x565466aab450 .functor NOT 1, v0x565466aab170_0, C4<0>, C4<0>, C4<0>;
L_0x565466aab600 .functor NOT 1, v0x565466aab350_0, C4<0>, C4<0>, C4<0>;
L_0x565466aab7e0 .functor OR 1, v0x565466aab210_0, L_0x565466a69500, v0x565466aab170_0, C4<0>;
L_0x565466aab8b0 .functor OR 1, v0x565466aab210_0, v0x565466aab2b0_0, v0x565466aab350_0, L_0x565466aab450;
L_0x565466aab990 .functor AND 1, L_0x565466aab7e0, L_0x565466aab8b0, C4<1>, C4<1>;
v0x565466a7b270_0 .net "nw", 0 0, L_0x565466aab450;  1 drivers
v0x565466a7b0f0_0 .net "nx", 0 0, L_0x565466a69280;  1 drivers
v0x565466a7b3f0_0 .net "ny", 0 0, L_0x565466a69500;  1 drivers
v0x565466a7e530_0 .net "nz", 0 0, L_0x565466aab600;  1 drivers
v0x565466a81a60_0 .net "oa", 0 0, L_0x565466aab990;  alias, 1 drivers
v0x565466a812a0_0 .net "p", 0 0, L_0x565466aab7e0;  1 drivers
v0x565466a69cc0_0 .net "q", 0 0, L_0x565466aab8b0;  1 drivers
v0x565466aa5e50_0 .net "w", 0 0, v0x565466aab170_0;  1 drivers
v0x565466aa5f10_0 .net "x", 0 0, v0x565466aab210_0;  1 drivers
v0x565466aa5fd0_0 .net "y", 0 0, v0x565466aab2b0_0;  1 drivers
v0x565466aa6090_0 .net "z", 0 0, v0x565466aab350_0;  1 drivers
S_0x565466aa61f0 .scope module, "b_instance" "B" 2 6, 3 13 0, S_0x565466a71b10;
 .timescale 0 0;
    .port_info 0 /INPUT 1 "x";
    .port_info 1 /INPUT 1 "y";
    .port_info 2 /INPUT 1 "z";
    .port_info 3 /INPUT 1 "w";
    .port_info 4 /OUTPUT 1 "ob";
L_0x565466aabaa0 .functor NOT 1, v0x565466aab210_0, C4<0>, C4<0>, C4<0>;
L_0x565466aabb10 .functor NOT 1, v0x565466aab2b0_0, C4<0>, C4<0>, C4<0>;
L_0x565466aabb80 .functor NOT 1, v0x565466aab170_0, C4<0>, C4<0>, C4<0>;
L_0x565466aabbf0 .functor NOT 1, v0x565466aab350_0, C4<0>, C4<0>, C4<0>;
L_0x565466aabc90 .functor OR 1, v0x565466aab210_0, L_0x565466aabb10, v0x565466aab350_0, L_0x565466aabb80;
L_0x565466aabdd0 .functor OR 1, v0x565466aab210_0, L_0x565466aabb10, L_0x565466aabbf0, v0x565466aab170_0;
L_0x565466aabed0 .functor AND 1, L_0x565466aabc90, L_0x565466aabdd0, C4<1>, C4<1>;
v0x565466aa63a0_0 .net "nw", 0 0, L_0x565466aabb80;  1 drivers
v0x565466aa6460_0 .net "nx", 0 0, L_0x565466aabaa0;  1 drivers
v0x565466aa6520_0 .net "ny", 0 0, L_0x565466aabb10;  1 drivers
v0x565466aa65c0_0 .net "nz", 0 0, L_0x565466aabbf0;  1 drivers
v0x565466aa6680_0 .net "ob", 0 0, L_0x565466aabed0;  alias, 1 drivers
v0x565466aa6790_0 .net "p", 0 0, L_0x565466aabc90;  1 drivers
v0x565466aa6850_0 .net "q", 0 0, L_0x565466aabdd0;  1 drivers
v0x565466aa6910_0 .net "w", 0 0, v0x565466aab170_0;  alias, 1 drivers
v0x565466aa69b0_0 .net "x", 0 0, v0x565466aab210_0;  alias, 1 drivers
v0x565466aa6a50_0 .net "y", 0 0, v0x565466aab2b0_0;  alias, 1 drivers
v0x565466aa6af0_0 .net "z", 0 0, v0x565466aab350_0;  alias, 1 drivers
S_0x565466aa6c10 .scope module, "c_instance" "C" 2 7, 3 25 0, S_0x565466a71b10;
 .timescale 0 0;
    .port_info 0 /INPUT 1 "x";
    .port_info 1 /INPUT 1 "y";
    .port_info 2 /INPUT 1 "z";
    .port_info 3 /INPUT 1 "w";
    .port_info 4 /OUTPUT 1 "oc";
L_0x565466aac030 .functor NOT 1, v0x565466aab210_0, C4<0>, C4<0>, C4<0>;
L_0x565466aac0a0 .functor NOT 1, v0x565466aab2b0_0, C4<0>, C4<0>, C4<0>;
L_0x565466aac110 .functor NOT 1, v0x565466aab170_0, C4<0>, C4<0>, C4<0>;
L_0x565466aac180 .functor NOT 1, v0x565466aab350_0, C4<0>, C4<0>, C4<0>;
L_0x565466aac220 .functor OR 1, v0x565466aab210_0, v0x565466aab2b0_0, L_0x565466aac180, v0x565466aab170_0;
v0x565466aa6e50_0 .net "nw", 0 0, L_0x565466aac110;  1 drivers
v0x565466aa6f10_0 .net "nx", 0 0, L_0x565466aac030;  1 drivers
v0x565466aa6fd0_0 .net "ny", 0 0, L_0x565466aac0a0;  1 drivers
v0x565466aa70a0_0 .net "nz", 0 0, L_0x565466aac180;  1 drivers
v0x565466aa7160_0 .net "oc", 0 0, L_0x565466aac220;  alias, 1 drivers
v0x565466aa7270_0 .net "w", 0 0, v0x565466aab170_0;  alias, 1 drivers
v0x565466aa7360_0 .net "x", 0 0, v0x565466aab210_0;  alias, 1 drivers
v0x565466aa7450_0 .net "y", 0 0, v0x565466aab2b0_0;  alias, 1 drivers
v0x565466aa7540_0 .net "z", 0 0, v0x565466aab350_0;  alias, 1 drivers
S_0x565466aa7710 .scope module, "d_instance" "D" 2 8, 3 34 0, S_0x565466a71b10;
 .timescale 0 0;
    .port_info 0 /INPUT 1 "x";
    .port_info 1 /INPUT 1 "y";
    .port_info 2 /INPUT 1 "z";
    .port_info 3 /INPUT 1 "w";
    .port_info 4 /OUTPUT 1 "od";
L_0x565466aac330 .functor NOT 1, v0x565466aab210_0, C4<0>, C4<0>, C4<0>;
L_0x565466aac5b0 .functor NOT 1, v0x565466aab2b0_0, C4<0>, C4<0>, C4<0>;
L_0x565466aac620 .functor NOT 1, v0x565466aab170_0, C4<0>, C4<0>, C4<0>;
L_0x565466aac6c0 .functor NOT 1, v0x565466aab350_0, C4<0>, C4<0>, C4<0>;
L_0x565466aac790 .functor OR 1, v0x565466aab210_0, L_0x565466aac5b0, v0x565466aab350_0, v0x565466aab170_0;
L_0x565466aac8b0 .functor OR 1, v0x565466aab2b0_0, v0x565466aab350_0, L_0x565466aac620, C4<0>;
L_0x565466aac9e0 .functor OR 1, v0x565466aab210_0, L_0x565466aac5b0, L_0x565466aac6c0, L_0x565466aac620;
L_0x565466aacaa0 .functor AND 1, L_0x565466aac790, L_0x565466aac8b0, L_0x565466aac9e0, C4<1>;
v0x565466aa7970_0 .net "l", 0 0, L_0x565466aac790;  1 drivers
v0x565466aa7a50_0 .net "m", 0 0, L_0x565466aac8b0;  1 drivers
v0x565466aa7b10_0 .net "n", 0 0, L_0x565466aac9e0;  1 drivers
v0x565466aa7bb0_0 .net "nw", 0 0, L_0x565466aac620;  1 drivers
v0x565466aa7c70_0 .net "nx", 0 0, L_0x565466aac330;  1 drivers
v0x565466aa7d80_0 .net "ny", 0 0, L_0x565466aac5b0;  1 drivers
v0x565466aa7e40_0 .net "nz", 0 0, L_0x565466aac6c0;  1 drivers
v0x565466aa7f00_0 .net "od", 0 0, L_0x565466aacaa0;  alias, 1 drivers
v0x565466aa7fc0_0 .net "w", 0 0, v0x565466aab170_0;  alias, 1 drivers
v0x565466aa80f0_0 .net "x", 0 0, v0x565466aab210_0;  alias, 1 drivers
v0x565466aa8190_0 .net "y", 0 0, v0x565466aab2b0_0;  alias, 1 drivers
v0x565466aa8230_0 .net "z", 0 0, v0x565466aab350_0;  alias, 1 drivers
S_0x565466aa8370 .scope module, "e_instance" "E" 2 9, 3 47 0, S_0x565466a71b10;
 .timescale 0 0;
    .port_info 0 /INPUT 1 "x";
    .port_info 1 /INPUT 1 "y";
    .port_info 2 /INPUT 1 "z";
    .port_info 3 /INPUT 1 "w";
    .port_info 4 /OUTPUT 1 "oe";
L_0x565466aacca0 .functor NOT 1, v0x565466aab210_0, C4<0>, C4<0>, C4<0>;
L_0x565466aacd10 .functor NOT 1, v0x565466aab2b0_0, C4<0>, C4<0>, C4<0>;
L_0x565466aacd80 .functor NOT 1, v0x565466aab170_0, C4<0>, C4<0>, C4<0>;
L_0x565466aad000 .functor NOT 1, v0x565466aab350_0, C4<0>, C4<0>, C4<0>;
L_0x565466aad280 .functor AND 1, L_0x565466aacca0, v0x565466aab350_0, L_0x565466aacd80, C4<1>;
L_0x565466aad3f0 .functor AND 1, L_0x565466aacd10, L_0x565466aad000, L_0x565466aacd80, C4<1>;
L_0x565466aad500 .functor OR 1, L_0x565466aad280, L_0x565466aad3f0, C4<0>, C4<0>;
v0x565466aa85d0_0 .net "m", 0 0, L_0x565466aad280;  1 drivers
v0x565466aa86b0_0 .net "n", 0 0, L_0x565466aad3f0;  1 drivers
v0x565466aa8770_0 .net "nw", 0 0, L_0x565466aacd80;  1 drivers
v0x565466aa8810_0 .net "nx", 0 0, L_0x565466aacca0;  1 drivers
v0x565466aa88d0_0 .net "ny", 0 0, L_0x565466aacd10;  1 drivers
v0x565466aa89e0_0 .net "nz", 0 0, L_0x565466aad000;  1 drivers
v0x565466aa8aa0_0 .net "oe", 0 0, L_0x565466aad500;  alias, 1 drivers
v0x565466aa8b60_0 .net "w", 0 0, v0x565466aab170_0;  alias, 1 drivers
v0x565466aa8c90_0 .net "x", 0 0, v0x565466aab210_0;  alias, 1 drivers
v0x565466aa8e50_0 .net "y", 0 0, v0x565466aab2b0_0;  alias, 1 drivers
v0x565466aa8f80_0 .net "z", 0 0, v0x565466aab350_0;  alias, 1 drivers
S_0x565466aa9150 .scope module, "f_instance" "F" 2 10, 3 59 0, S_0x565466a71b10;
 .timescale 0 0;
    .port_info 0 /INPUT 1 "x";
    .port_info 1 /INPUT 1 "y";
    .port_info 2 /INPUT 1 "z";
    .port_info 3 /INPUT 1 "w";
    .port_info 4 /OUTPUT 1 "of";
L_0x565466aad660 .functor NOT 1, v0x565466aab210_0, C4<0>, C4<0>, C4<0>;
L_0x565466aad6d0 .functor NOT 1, v0x565466aab2b0_0, C4<0>, C4<0>, C4<0>;
L_0x565466aad950 .functor NOT 1, v0x565466aab170_0, C4<0>, C4<0>, C4<0>;
L_0x565466aad9c0 .functor NOT 1, v0x565466aab350_0, C4<0>, C4<0>, C4<0>;
L_0x565466aada60 .functor OR 1, v0x565466aab210_0, v0x565466aab2b0_0, L_0x565466aad950, C4<0>;
L_0x565466aadb50 .functor OR 1, v0x565466aab210_0, v0x565466aab2b0_0, L_0x565466aad9c0, C4<0>;
L_0x565466aadc80 .functor OR 1, v0x565466aab210_0, L_0x565466aad9c0, L_0x565466aad950, C4<0>;
L_0x565466aadcf0 .functor AND 1, L_0x565466aada60, L_0x565466aadb50, L_0x565466aadc80, C4<1>;
v0x565466aa9360_0 .net "nw", 0 0, L_0x565466aad950;  1 drivers
v0x565466aa9440_0 .net "nx", 0 0, L_0x565466aad660;  1 drivers
v0x565466aa9500_0 .net "ny", 0 0, L_0x565466aad6d0;  1 drivers
v0x565466aa95a0_0 .net "nz", 0 0, L_0x565466aad9c0;  1 drivers
v0x565466aa9660_0 .net "of", 0 0, L_0x565466aadcf0;  alias, 1 drivers
v0x565466aa9720_0 .net "p", 0 0, L_0x565466aada60;  1 drivers
v0x565466aa97e0_0 .net "q", 0 0, L_0x565466aadb50;  1 drivers
v0x565466aa98a0_0 .net "r", 0 0, L_0x565466aadc80;  1 drivers
v0x565466aa9960_0 .net "w", 0 0, v0x565466aab170_0;  alias, 1 drivers
v0x565466aa9a90_0 .net "x", 0 0, v0x565466aab210_0;  alias, 1 drivers
v0x565466aa9b30_0 .net "y", 0 0, v0x565466aab2b0_0;  alias, 1 drivers
v0x565466aa9bd0_0 .net "z", 0 0, v0x565466aab350_0;  alias, 1 drivers
S_0x565466aa9d10 .scope module, "g_instance" "G" 2 11, 3 72 0, S_0x565466a71b10;
 .timescale 0 0;
    .port_info 0 /INPUT 1 "x";
    .port_info 1 /INPUT 1 "y";
    .port_info 2 /INPUT 1 "z";
    .port_info 3 /INPUT 1 "w";
    .port_info 4 /OUTPUT 1 "og";
L_0x565466aadf20 .functor NOT 1, v0x565466aab210_0, C4<0>, C4<0>, C4<0>;
L_0x565466aadf90 .functor NOT 1, v0x565466aab2b0_0, C4<0>, C4<0>, C4<0>;
L_0x565466aae000 .functor NOT 1, v0x565466aab170_0, C4<0>, C4<0>, C4<0>;
L_0x565466aae070 .functor NOT 1, v0x565466aab350_0, C4<0>, C4<0>, C4<0>;
L_0x565466aae110 .functor OR 1, v0x565466aab210_0, v0x565466aab2b0_0, v0x565466aab350_0, C4<0>;
L_0x565466aae1e0 .functor OR 1, v0x565466aab210_0, L_0x565466aadf90, L_0x565466aae070, L_0x565466aae000;
L_0x565466aae3a0 .functor AND 1, L_0x565466aae110, L_0x565466aae1e0, C4<1>, C4<1>;
v0x565466aa9f20_0 .net "c", 0 0, L_0x565466aae110;  1 drivers
v0x565466aaa000_0 .net "d", 0 0, L_0x565466aae1e0;  1 drivers
v0x565466aaa0c0_0 .net "nw", 0 0, L_0x565466aae000;  1 drivers
v0x565466aaa160_0 .net "nx", 0 0, L_0x565466aadf20;  1 drivers
v0x565466aaa220_0 .net "ny", 0 0, L_0x565466aadf90;  1 drivers
v0x565466aaa2e0_0 .net "nz", 0 0, L_0x565466aae070;  1 drivers
v0x565466aaa3a0_0 .net "og", 0 0, L_0x565466aae3a0;  alias, 1 drivers
v0x565466aaa460_0 .net "w", 0 0, v0x565466aab170_0;  alias, 1 drivers
v0x565466aaa500_0 .net "x", 0 0, v0x565466aab210_0;  alias, 1 drivers
v0x565466aaa630_0 .net "y", 0 0, v0x565466aab2b0_0;  alias, 1 drivers
v0x565466aaa6d0_0 .net "z", 0 0, v0x565466aab350_0;  alias, 1 drivers
    .scope S_0x565466a71b10;
T_0 ;
    %vpi_call 2 13 "$dumpvars" {0 0 0};
    %vpi_call 2 14 "$display", "23b1060: Madhav R Babu" {0 0 0};
    %vpi_call 2 15 "$monitor", "x: %b y:%b z:%b w:%b A:%b B:%b C:%b D:%b E:%b F:%b G:%b", v0x565466aab210_0, v0x565466aab2b0_0, v0x565466aab350_0, v0x565466aab170_0, v0x565466aaab90_0, v0x565466aaac30_0, v0x565466aaacd0_0, v0x565466aaada0_0, v0x565466aaae70_0, v0x565466aaafd0_0, v0x565466aab0a0_0 {0 0 0};
    %pushi/vec4 0, 0, 1;
    %store/vec4 v0x565466aab210_0, 0, 1;
    %pushi/vec4 0, 0, 1;
    %store/vec4 v0x565466aab2b0_0, 0, 1;
    %pushi/vec4 0, 0, 1;
    %store/vec4 v0x565466aab350_0, 0, 1;
    %pushi/vec4 0, 0, 1;
    %store/vec4 v0x565466aab170_0, 0, 1;
    %delay 1, 0;
    %pushi/vec4 0, 0, 32;
    %store/vec4 v0x565466aaa810_0, 0, 32;
T_0.0 ;
    %load/vec4 v0x565466aaa810_0;
    %cmpi/s 1, 0, 32;
    %jmp/0xz T_0.1, 5;
    %pushi/vec4 0, 0, 32;
    %store/vec4 v0x565466aaa910_0, 0, 32;
T_0.2 ;
    %load/vec4 v0x565466aaa910_0;
    %cmpi/s 2, 0, 32;
    %jmp/0xz T_0.3, 5;
    %pushi/vec4 0, 0, 32;
    %store/vec4 v0x565466aaa9f0_0, 0, 32;
T_0.4 ;
    %load/vec4 v0x565466aaa9f0_0;
    %cmpi/s 2, 0, 32;
    %jmp/0xz T_0.5, 5;
    %pushi/vec4 0, 0, 32;
    %store/vec4 v0x565466aaaab0_0, 0, 32;
T_0.6 ;
    %load/vec4 v0x565466aaaab0_0;
    %cmpi/s 2, 0, 32;
    %jmp/0xz T_0.7, 5;
    %load/vec4 v0x565466aaa810_0;
    %pad/s 1;
    %store/vec4 v0x565466aab210_0, 0, 1;
    %load/vec4 v0x565466aaa910_0;
    %pad/s 1;
    %store/vec4 v0x565466aab2b0_0, 0, 1;
    %load/vec4 v0x565466aaa9f0_0;
    %pad/s 1;
    %store/vec4 v0x565466aab350_0, 0, 1;
    %load/vec4 v0x565466aaaab0_0;
    %pad/s 1;
    %store/vec4 v0x565466aab170_0, 0, 1;
    %delay 1, 0;
    %load/vec4 v0x565466aaaab0_0;
    %addi 1, 0, 32;
    %store/vec4 v0x565466aaaab0_0, 0, 32;
    %jmp T_0.6;
T_0.7 ;
    %load/vec4 v0x565466aaa9f0_0;
    %addi 1, 0, 32;
    %store/vec4 v0x565466aaa9f0_0, 0, 32;
    %jmp T_0.4;
T_0.5 ;
    %load/vec4 v0x565466aaa910_0;
    %addi 1, 0, 32;
    %store/vec4 v0x565466aaa910_0, 0, 32;
    %jmp T_0.2;
T_0.3 ;
    %load/vec4 v0x565466aaa810_0;
    %addi 1, 0, 32;
    %store/vec4 v0x565466aaa810_0, 0, 32;
    %jmp T_0.0;
T_0.1 ;
    %pushi/vec4 1, 0, 1;
    %store/vec4 v0x565466aab210_0, 0, 1;
    %pushi/vec4 0, 0, 1;
    %store/vec4 v0x565466aab2b0_0, 0, 1;
    %pushi/vec4 0, 0, 1;
    %store/vec4 v0x565466aab350_0, 0, 1;
    %pushi/vec4 0, 0, 1;
    %store/vec4 v0x565466aab170_0, 0, 1;
    %delay 1, 0;
    %pushi/vec4 1, 0, 1;
    %store/vec4 v0x565466aab210_0, 0, 1;
    %pushi/vec4 0, 0, 1;
    %store/vec4 v0x565466aab2b0_0, 0, 1;
    %pushi/vec4 0, 0, 1;
    %store/vec4 v0x565466aab350_0, 0, 1;
    %pushi/vec4 1, 0, 1;
    %store/vec4 v0x565466aab170_0, 0, 1;
    %delay 1, 0;
    %end;
    .thread T_0;
# The file index is used to find the file name in the following table.
:file_names 4;
    "N/A";
    "<interactive>";
    "23b1060_tb_bcd_to_7_segment_struct.v";
    "23b1060_bcd_to_7_segment_struct.v";
