#! /usr/bin/vvp
:ivl_version "11.0 (stable)";
:ivl_delay_selection "TYPICAL";
:vpi_time_precision - 12;
:vpi_module "/usr/lib/x86_64-linux-gnu/ivl/system.vpi";
:vpi_module "/usr/lib/x86_64-linux-gnu/ivl/vhdl_sys.vpi";
:vpi_module "/usr/lib/x86_64-linux-gnu/ivl/vhdl_textio.vpi";
:vpi_module "/usr/lib/x86_64-linux-gnu/ivl/v2005_math.vpi";
:vpi_module "/usr/lib/x86_64-linux-gnu/ivl/va_math.vpi";
S_0x564fa18e4900 .scope module, "tb_rca_32_bit" "tb_rca_32_bit" 2 2;
 .timescale -9 -12;
P_0x564fa180acc0 .param/l "N" 0 2 3, +C4<00000000000000000000000000100000>;
v0x564fa19142e0_0 .var "A", 31 0;
v0x564fa19143c0_0 .var "B", 31 0;
v0x564fa1914490_0 .net "S", 31 0, L_0x564fa1925550;  1 drivers
v0x564fa1914590_0 .var "cin", 0 0;
v0x564fa1914660_0 .net "cout", 0 0, L_0x564fa1925660;  1 drivers
v0x564fa1914750_0 .var "expected", 31 0;
v0x564fa19147f0_0 .var/i "i", 31 0;
S_0x564fa18d3bf0 .scope module, "dut" "rca_Nbit" 2 20, 3 18 0, S_0x564fa18e4900;
 .timescale 0 0;
    .port_info 0 /INPUT 32 "a";
    .port_info 1 /INPUT 32 "b";
    .port_info 2 /INPUT 1 "cin";
    .port_info 3 /OUTPUT 32 "S";
    .port_info 4 /OUTPUT 1 "cout";
P_0x564fa18d1740 .param/l "N" 0 3 18, +C4<00000000000000000000000000100000>;
L_0x564fa19255f0 .functor BUFZ 1, v0x564fa1914590_0, C4<0>, C4<0>, C4<0>;
L_0x564fa1925660 .functor BUFZ 1, L_0x564fa1925070, C4<0>, C4<0>, C4<0>;
v0x564fa1913d00_0 .net "S", 31 0, L_0x564fa1925550;  alias, 1 drivers
v0x564fa1913e00_0 .net "a", 31 0, v0x564fa19142e0_0;  1 drivers
v0x564fa1913ee0_0 .net "b", 31 0, v0x564fa19143c0_0;  1 drivers
v0x564fa1913fa0 .array "carry", 0 32;
v0x564fa1913fa0_0 .net v0x564fa1913fa0 0, 0 0, L_0x564fa19255f0; 1 drivers
v0x564fa1913fa0_1 .net v0x564fa1913fa0 1, 0 0, L_0x564fa1914ce0; 1 drivers
v0x564fa1913fa0_2 .net v0x564fa1913fa0 2, 0 0, L_0x564fa1915450; 1 drivers
v0x564fa1913fa0_3 .net v0x564fa1913fa0 3, 0 0, L_0x564fa1915b30; 1 drivers
v0x564fa1913fa0_4 .net v0x564fa1913fa0 4, 0 0, L_0x564fa1916340; 1 drivers
v0x564fa1913fa0_5 .net v0x564fa1913fa0 5, 0 0, L_0x564fa1916a40; 1 drivers
v0x564fa1913fa0_6 .net v0x564fa1913fa0 6, 0 0, L_0x564fa1917150; 1 drivers
v0x564fa1913fa0_7 .net v0x564fa1913fa0 7, 0 0, L_0x564fa19178c0; 1 drivers
v0x564fa1913fa0_8 .net v0x564fa1913fa0 8, 0 0, L_0x564fa19180d0; 1 drivers
v0x564fa1913fa0_9 .net v0x564fa1913fa0 9, 0 0, L_0x564fa1918860; 1 drivers
v0x564fa1913fa0_10 .net v0x564fa1913fa0 10, 0 0, L_0x564fa1918f70; 1 drivers
v0x564fa1913fa0_11 .net v0x564fa1913fa0 11, 0 0, L_0x564fa1919720; 1 drivers
v0x564fa1913fa0_12 .net v0x564fa1913fa0 12, 0 0, L_0x564fa1919e40; 1 drivers
v0x564fa1913fa0_13 .net v0x564fa1913fa0 13, 0 0, L_0x564fa191a610; 1 drivers
v0x564fa1913fa0_14 .net v0x564fa1913fa0 14, 0 0, L_0x564fa191adf0; 1 drivers
v0x564fa1913fa0_15 .net v0x564fa1913fa0 15, 0 0, L_0x564fa191b5e0; 1 drivers
v0x564fa1913fa0_16 .net v0x564fa1913fa0 16, 0 0, L_0x564fa191c200; 1 drivers
v0x564fa1913fa0_17 .net v0x564fa1913fa0 17, 0 0, L_0x564fa191ca10; 1 drivers
v0x564fa1913fa0_18 .net v0x564fa1913fa0 18, 0 0, L_0x564fa191d230; 1 drivers
v0x564fa1913fa0_19 .net v0x564fa1913fa0 19, 0 0, L_0x564fa191d940; 1 drivers
v0x564fa1913fa0_20 .net v0x564fa1913fa0 20, 0 0, L_0x564fa191e180; 1 drivers
v0x564fa1913fa0_21 .net v0x564fa1913fa0 21, 0 0, L_0x564fa191e9d0; 1 drivers
v0x564fa1913fa0_22 .net v0x564fa1913fa0 22, 0 0, L_0x564fa191f230; 1 drivers
v0x564fa1913fa0_23 .net v0x564fa1913fa0 23, 0 0, L_0x564fa191faa0; 1 drivers
v0x564fa1913fa0_24 .net v0x564fa1913fa0 24, 0 0, L_0x564fa1920320; 1 drivers
v0x564fa1913fa0_25 .net v0x564fa1913fa0 25, 0 0, L_0x564fa1920bb0; 1 drivers
v0x564fa1913fa0_26 .net v0x564fa1913fa0 26, 0 0, L_0x564fa1921450; 1 drivers
v0x564fa1913fa0_27 .net v0x564fa1913fa0 27, 0 0, L_0x564fa1921d00; 1 drivers
v0x564fa1913fa0_28 .net v0x564fa1913fa0 28, 0 0, L_0x564fa19225c0; 1 drivers
v0x564fa1913fa0_29 .net v0x564fa1913fa0 29, 0 0, L_0x564fa1922e90; 1 drivers
v0x564fa1913fa0_30 .net v0x564fa1913fa0 30, 0 0, L_0x564fa1923770; 1 drivers
v0x564fa1913fa0_31 .net v0x564fa1913fa0 31, 0 0, L_0x564fa1924060; 1 drivers
v0x564fa1913fa0_32 .net v0x564fa1913fa0 32, 0 0, L_0x564fa1925070; 1 drivers
v0x564fa1914090_0 .net "cin", 0 0, v0x564fa1914590_0;  1 drivers
v0x564fa1914180_0 .net "cout", 0 0, L_0x564fa1925660;  alias, 1 drivers
L_0x564fa1914e20 .part v0x564fa19142e0_0, 0, 1;
L_0x564fa1914f70 .part v0x564fa19143c0_0, 0, 1;
L_0x564fa1915590 .part v0x564fa19142e0_0, 1, 1;
L_0x564fa19156c0 .part v0x564fa19143c0_0, 1, 1;
L_0x564fa1915c70 .part v0x564fa19142e0_0, 2, 1;
L_0x564fa1915e30 .part v0x564fa19143c0_0, 2, 1;
L_0x564fa1916480 .part v0x564fa19142e0_0, 3, 1;
L_0x564fa19165b0 .part v0x564fa19143c0_0, 3, 1;
L_0x564fa1916b80 .part v0x564fa19142e0_0, 4, 1;
L_0x564fa1916cb0 .part v0x564fa19143c0_0, 4, 1;
L_0x564fa1917290 .part v0x564fa19142e0_0, 5, 1;
L_0x564fa19173c0 .part v0x564fa19143c0_0, 5, 1;
L_0x564fa1917a00 .part v0x564fa19142e0_0, 6, 1;
L_0x564fa1917c40 .part v0x564fa19143c0_0, 6, 1;
L_0x564fa1918210 .part v0x564fa19142e0_0, 7, 1;
L_0x564fa1918340 .part v0x564fa19143c0_0, 7, 1;
L_0x564fa19189a0 .part v0x564fa19142e0_0, 8, 1;
L_0x564fa1918ad0 .part v0x564fa19143c0_0, 8, 1;
L_0x564fa19190b0 .part v0x564fa19142e0_0, 9, 1;
L_0x564fa19191e0 .part v0x564fa19143c0_0, 9, 1;
L_0x564fa1918c00 .part v0x564fa19142e0_0, 10, 1;
L_0x564fa19198f0 .part v0x564fa19143c0_0, 10, 1;
L_0x564fa1919f80 .part v0x564fa19142e0_0, 11, 1;
L_0x564fa191a0b0 .part v0x564fa19143c0_0, 11, 1;
L_0x564fa191a750 .part v0x564fa19142e0_0, 12, 1;
L_0x564fa191a880 .part v0x564fa19143c0_0, 12, 1;
L_0x564fa191af30 .part v0x564fa19142e0_0, 13, 1;
L_0x564fa191b060 .part v0x564fa19143c0_0, 13, 1;
L_0x564fa191b720 .part v0x564fa19142e0_0, 14, 1;
L_0x564fa191ba60 .part v0x564fa19143c0_0, 14, 1;
L_0x564fa191c340 .part v0x564fa19142e0_0, 15, 1;
L_0x564fa191c470 .part v0x564fa19143c0_0, 15, 1;
L_0x564fa191cb50 .part v0x564fa19142e0_0, 16, 1;
L_0x564fa191cc80 .part v0x564fa19143c0_0, 16, 1;
L_0x564fa191d370 .part v0x564fa19142e0_0, 17, 1;
L_0x564fa191d4a0 .part v0x564fa19143c0_0, 17, 1;
L_0x564fa191da80 .part v0x564fa19142e0_0, 18, 1;
L_0x564fa191dbb0 .part v0x564fa19143c0_0, 18, 1;
L_0x564fa191e2c0 .part v0x564fa19142e0_0, 19, 1;
L_0x564fa191e3f0 .part v0x564fa19143c0_0, 19, 1;
L_0x564fa191eb10 .part v0x564fa19142e0_0, 20, 1;
L_0x564fa191ec40 .part v0x564fa19143c0_0, 20, 1;
L_0x564fa191f370 .part v0x564fa19142e0_0, 21, 1;
L_0x564fa191f4a0 .part v0x564fa19143c0_0, 21, 1;
L_0x564fa191fbe0 .part v0x564fa19142e0_0, 22, 1;
L_0x564fa191fd10 .part v0x564fa19143c0_0, 22, 1;
L_0x564fa1920460 .part v0x564fa19142e0_0, 23, 1;
L_0x564fa1920590 .part v0x564fa19143c0_0, 23, 1;
L_0x564fa1920cf0 .part v0x564fa19142e0_0, 24, 1;
L_0x564fa1920e20 .part v0x564fa19143c0_0, 24, 1;
L_0x564fa1921590 .part v0x564fa19142e0_0, 25, 1;
L_0x564fa19216c0 .part v0x564fa19143c0_0, 25, 1;
L_0x564fa1921e40 .part v0x564fa19142e0_0, 26, 1;
L_0x564fa1921f70 .part v0x564fa19143c0_0, 26, 1;
L_0x564fa1922700 .part v0x564fa19142e0_0, 27, 1;
L_0x564fa1922830 .part v0x564fa19143c0_0, 27, 1;
L_0x564fa1922fd0 .part v0x564fa19142e0_0, 28, 1;
L_0x564fa1923100 .part v0x564fa19143c0_0, 28, 1;
L_0x564fa19238b0 .part v0x564fa19142e0_0, 29, 1;
L_0x564fa19239e0 .part v0x564fa19143c0_0, 29, 1;
L_0x564fa19241a0 .part v0x564fa19142e0_0, 30, 1;
L_0x564fa19246e0 .part v0x564fa19143c0_0, 30, 1;
L_0x564fa19250e0 .part v0x564fa19142e0_0, 31, 1;
L_0x564fa1925210 .part v0x564fa19143c0_0, 31, 1;
LS_0x564fa1925550_0_0 .concat8 [ 1 1 1 1], L_0x564fa1914ac0, L_0x564fa1915230, L_0x564fa1915910, L_0x564fa1916170;
LS_0x564fa1925550_0_4 .concat8 [ 1 1 1 1], L_0x564fa1916870, L_0x564fa1916f80, L_0x564fa19176a0, L_0x564fa1917f40;
LS_0x564fa1925550_0_8 .concat8 [ 1 1 1 1], L_0x564fa1918640, L_0x564fa1918de0, L_0x564fa1919500, L_0x564fa1919c20;
LS_0x564fa1925550_0_12 .concat8 [ 1 1 1 1], L_0x564fa191a3f0, L_0x564fa191abd0, L_0x564fa191b3c0, L_0x564fa191bfe0;
LS_0x564fa1925550_0_16 .concat8 [ 1 1 1 1], L_0x564fa191c7f0, L_0x564fa191d010, L_0x564fa191d720, L_0x564fa191df60;
LS_0x564fa1925550_0_20 .concat8 [ 1 1 1 1], L_0x564fa191e7b0, L_0x564fa191f010, L_0x564fa191f880, L_0x564fa1920100;
LS_0x564fa1925550_0_24 .concat8 [ 1 1 1 1], L_0x564fa1920990, L_0x564fa1921230, L_0x564fa1921ae0, L_0x564fa19223a0;
LS_0x564fa1925550_0_28 .concat8 [ 1 1 1 1], L_0x564fa1922c70, L_0x564fa1923550, L_0x564fa1923e40, L_0x564fa1924f00;
LS_0x564fa1925550_1_0 .concat8 [ 4 4 4 4], LS_0x564fa1925550_0_0, LS_0x564fa1925550_0_4, LS_0x564fa1925550_0_8, LS_0x564fa1925550_0_12;
LS_0x564fa1925550_1_4 .concat8 [ 4 4 4 4], LS_0x564fa1925550_0_16, LS_0x564fa1925550_0_20, LS_0x564fa1925550_0_24, LS_0x564fa1925550_0_28;
L_0x564fa1925550 .concat8 [ 16 16 0 0], LS_0x564fa1925550_1_0, LS_0x564fa1925550_1_4;
S_0x564fa18d6260 .scope generate, "genblk1[0]" "genblk1[0]" 3 28, 3 28 0, S_0x564fa18d3bf0;
 .timescale 0 0;
P_0x564fa18ca3f0 .param/l "i" 0 3 28, +C4<00>;
S_0x564fa18d88d0 .scope module, "fi" "full_adder" 3 29, 3 9 0, S_0x564fa18d6260;
 .timescale 0 0;
    .port_info 0 /INPUT 1 "a";
    .port_info 1 /INPUT 1 "b";
    .port_info 2 /INPUT 1 "cin";
    .port_info 3 /OUTPUT 1 "S";
    .port_info 4 /OUTPUT 1 "cout";
L_0x564fa1914ce0 .functor OR 1, L_0x564fa19149e0, L_0x564fa1914bc0, C4<0>, C4<0>;
v0x564fa18db400_0 .net "S", 0 0, L_0x564fa1914ac0;  1 drivers
v0x564fa18d8c70_0 .net "a", 0 0, L_0x564fa1914e20;  1 drivers
v0x564fa18d8d40_0 .net "b", 0 0, L_0x564fa1914f70;  1 drivers
v0x564fa18d65e0_0 .net "cin", 0 0, L_0x564fa19255f0;  alias, 1 drivers
v0x564fa18d66b0_0 .net "cout", 0 0, L_0x564fa1914ce0;  alias, 1 drivers
v0x564fa18d3f70_0 .net "cout1", 0 0, L_0x564fa19149e0;  1 drivers
v0x564fa18d4010_0 .net "cout2", 0 0, L_0x564fa1914bc0;  1 drivers
v0x564fa18d40b0_0 .net "s1", 0 0, L_0x564fa1914890;  1 drivers
S_0x564fa18daf40 .scope module, "h1" "half_adder" 3 13, 3 1 0, S_0x564fa18d88d0;
 .timescale 0 0;
    .port_info 0 /INPUT 1 "a";
    .port_info 1 /INPUT 1 "b";
    .port_info 2 /OUTPUT 1 "S";
    .port_info 3 /OUTPUT 1 "cout";
L_0x564fa1914890 .functor XOR 1, L_0x564fa1914e20, L_0x564fa1914f70, C4<0>, C4<0>;
L_0x564fa19149e0 .functor AND 1, L_0x564fa1914e20, L_0x564fa1914f70, C4<1>, C4<1>;
v0x564fa18a90e0_0 .net "S", 0 0, L_0x564fa1914890;  alias, 1 drivers
v0x564fa18a6a70_0 .net "a", 0 0, L_0x564fa1914e20;  alias, 1 drivers
v0x564fa18a4400_0 .net "b", 0 0, L_0x564fa1914f70;  alias, 1 drivers
v0x564fa18a1d90_0 .net "cout", 0 0, L_0x564fa19149e0;  alias, 1 drivers
S_0x564fa18dd5b0 .scope module, "h2" "half_adder" 3 14, 3 1 0, S_0x564fa18d88d0;
 .timescale 0 0;
    .port_info 0 /INPUT 1 "a";
    .port_info 1 /INPUT 1 "b";
    .port_info 2 /OUTPUT 1 "S";
    .port_info 3 /OUTPUT 1 "cout";
L_0x564fa1914ac0 .functor XOR 1, L_0x564fa19255f0, L_0x564fa1914890, C4<0>, C4<0>;
L_0x564fa1914bc0 .functor AND 1, L_0x564fa19255f0, L_0x564fa1914890, C4<1>, C4<1>;
v0x564fa189f720_0 .net "S", 0 0, L_0x564fa1914ac0;  alias, 1 drivers
v0x564fa189d0b0_0 .net "a", 0 0, L_0x564fa19255f0;  alias, 1 drivers
v0x564fa189a900_0 .net "b", 0 0, L_0x564fa1914890;  alias, 1 drivers
v0x564fa18db2f0_0 .net "cout", 0 0, L_0x564fa1914bc0;  alias, 1 drivers
S_0x564fa18dfc20 .scope generate, "genblk1[1]" "genblk1[1]" 3 28, 3 28 0, S_0x564fa18d3bf0;
 .timescale 0 0;
P_0x564fa18d19c0 .param/l "i" 0 3 28, +C4<01>;
S_0x564fa18e2290 .scope module, "fi" "full_adder" 3 29, 3 9 0, S_0x564fa18dfc20;
 .timescale 0 0;
    .port_info 0 /INPUT 1 "a";
    .port_info 1 /INPUT 1 "b";
    .port_info 2 /INPUT 1 "cin";
    .port_info 3 /OUTPUT 1 "S";
    .port_info 4 /OUTPUT 1 "cout";
L_0x564fa1915450 .functor OR 1, L_0x564fa1915150, L_0x564fa19153c0, C4<0>, C4<0>;
v0x564fa18c0c20_0 .net "S", 0 0, L_0x564fa1915230;  1 drivers
v0x564fa18c0cc0_0 .net "a", 0 0, L_0x564fa1915590;  1 drivers
v0x564fa18e56a0_0 .net "b", 0 0, L_0x564fa19156c0;  1 drivers
v0x564fa18e57a0_0 .net "cin", 0 0, L_0x564fa1914ce0;  alias, 1 drivers
v0x564fa18e5840_0 .net "cout", 0 0, L_0x564fa1915450;  alias, 1 drivers
v0x564fa18e5930_0 .net "cout1", 0 0, L_0x564fa1915150;  1 drivers
v0x564fa18e59d0_0 .net "cout2", 0 0, L_0x564fa19153c0;  1 drivers
v0x564fa18e5a70_0 .net "s1", 0 0, L_0x564fa19150a0;  1 drivers
S_0x564fa18cf290 .scope module, "h1" "half_adder" 3 13, 3 1 0, S_0x564fa18e2290;
 .timescale 0 0;
    .port_info 0 /INPUT 1 "a";
    .port_info 1 /INPUT 1 "b";
    .port_info 2 /OUTPUT 1 "S";
    .port_info 3 /OUTPUT 1 "cout";
L_0x564fa19150a0 .functor XOR 1, L_0x564fa1915590, L_0x564fa19156c0, C4<0>, C4<0>;
L_0x564fa1915150 .functor AND 1, L_0x564fa1915590, L_0x564fa19156c0, C4<1>, C4<1>;
v0x564fa18ccc50_0 .net "S", 0 0, L_0x564fa19150a0;  alias, 1 drivers
v0x564fa18ccd30_0 .net "a", 0 0, L_0x564fa1915590;  alias, 1 drivers
v0x564fa18ca5b0_0 .net "b", 0 0, L_0x564fa19156c0;  alias, 1 drivers
v0x564fa18ca680_0 .net "cout", 0 0, L_0x564fa1915150;  alias, 1 drivers
S_0x564fa18c7f80 .scope module, "h2" "half_adder" 3 14, 3 1 0, S_0x564fa18e2290;
 .timescale 0 0;
    .port_info 0 /INPUT 1 "a";
    .port_info 1 /INPUT 1 "b";
    .port_info 2 /OUTPUT 1 "S";
    .port_info 3 /OUTPUT 1 "cout";
L_0x564fa1915230 .functor XOR 1, L_0x564fa1914ce0, L_0x564fa19150a0, C4<0>, C4<0>;
L_0x564fa19153c0 .functor AND 1, L_0x564fa1914ce0, L_0x564fa19150a0, C4<1>, C4<1>;
v0x564fa18c5920_0 .net "S", 0 0, L_0x564fa1915230;  alias, 1 drivers
v0x564fa18c59e0_0 .net "a", 0 0, L_0x564fa1914ce0;  alias, 1 drivers
v0x564fa18c3290_0 .net "b", 0 0, L_0x564fa19150a0;  alias, 1 drivers
v0x564fa18c3390_0 .net "cout", 0 0, L_0x564fa19153c0;  alias, 1 drivers
S_0x564fa180a140 .scope generate, "genblk1[2]" "genblk1[2]" 3 28, 3 28 0, S_0x564fa18d3bf0;
 .timescale 0 0;
P_0x564fa180a340 .param/l "i" 0 3 28, +C4<010>;
S_0x564fa180a400 .scope module, "fi" "full_adder" 3 29, 3 9 0, S_0x564fa180a140;
 .timescale 0 0;
    .port_info 0 /INPUT 1 "a";
    .port_info 1 /INPUT 1 "b";
    .port_info 2 /INPUT 1 "cin";
    .port_info 3 /OUTPUT 1 "S";
    .port_info 4 /OUTPUT 1 "cout";
L_0x564fa1915b30 .functor OR 1, L_0x564fa1915880, L_0x564fa1915aa0, C4<0>, C4<0>;
v0x564fa18437a0_0 .net "S", 0 0, L_0x564fa1915910;  1 drivers
v0x564fa18e76f0_0 .net "a", 0 0, L_0x564fa1915c70;  1 drivers
v0x564fa18e7790_0 .net "b", 0 0, L_0x564fa1915e30;  1 drivers
v0x564fa18e7830_0 .net "cin", 0 0, L_0x564fa1915450;  alias, 1 drivers
v0x564fa18e78d0_0 .net "cout", 0 0, L_0x564fa1915b30;  alias, 1 drivers
v0x564fa18e7970_0 .net "cout1", 0 0, L_0x564fa1915880;  1 drivers
v0x564fa18e7a10_0 .net "cout2", 0 0, L_0x564fa1915aa0;  1 drivers
v0x564fa18e7ab0_0 .net "s1", 0 0, L_0x564fa19157f0;  1 drivers
S_0x564fa1845770 .scope module, "h1" "half_adder" 3 13, 3 1 0, S_0x564fa180a400;
 .timescale 0 0;
    .port_info 0 /INPUT 1 "a";
    .port_info 1 /INPUT 1 "b";
    .port_info 2 /OUTPUT 1 "S";
    .port_info 3 /OUTPUT 1 "cout";
L_0x564fa19157f0 .functor XOR 1, L_0x564fa1915c70, L_0x564fa1915e30, C4<0>, C4<0>;
L_0x564fa1915880 .functor AND 1, L_0x564fa1915c70, L_0x564fa1915e30, C4<1>, C4<1>;
v0x564fa1845980_0 .net "S", 0 0, L_0x564fa19157f0;  alias, 1 drivers
v0x564fa1845a60_0 .net "a", 0 0, L_0x564fa1915c70;  alias, 1 drivers
v0x564fa1848d50_0 .net "b", 0 0, L_0x564fa1915e30;  alias, 1 drivers
v0x564fa1848e20_0 .net "cout", 0 0, L_0x564fa1915880;  alias, 1 drivers
S_0x564fa1848f90 .scope module, "h2" "half_adder" 3 14, 3 1 0, S_0x564fa180a400;
 .timescale 0 0;
    .port_info 0 /INPUT 1 "a";
    .port_info 1 /INPUT 1 "b";
    .port_info 2 /OUTPUT 1 "S";
    .port_info 3 /OUTPUT 1 "cout";
L_0x564fa1915910 .functor XOR 1, L_0x564fa1915450, L_0x564fa19157f0, C4<0>, C4<0>;
L_0x564fa1915aa0 .functor AND 1, L_0x564fa1915450, L_0x564fa19157f0, C4<1>, C4<1>;
v0x564fa1843400_0 .net "S", 0 0, L_0x564fa1915910;  alias, 1 drivers
v0x564fa18434c0_0 .net "a", 0 0, L_0x564fa1915450;  alias, 1 drivers
v0x564fa18435b0_0 .net "b", 0 0, L_0x564fa19157f0;  alias, 1 drivers
v0x564fa18436b0_0 .net "cout", 0 0, L_0x564fa1915aa0;  alias, 1 drivers
S_0x564fa18e7ba0 .scope generate, "genblk1[3]" "genblk1[3]" 3 28, 3 28 0, S_0x564fa18d3bf0;
 .timescale 0 0;
P_0x564fa18e7d80 .param/l "i" 0 3 28, +C4<011>;
S_0x564fa18e7e40 .scope module, "fi" "full_adder" 3 29, 3 9 0, S_0x564fa18e7ba0;
 .timescale 0 0;
    .port_info 0 /INPUT 1 "a";
    .port_info 1 /INPUT 1 "b";
    .port_info 2 /INPUT 1 "cin";
    .port_info 3 /OUTPUT 1 "S";
    .port_info 4 /OUTPUT 1 "cout";
L_0x564fa1916340 .functor OR 1, L_0x564fa19160e0, L_0x564fa19162b0, C4<0>, C4<0>;
v0x564fa18e8bd0_0 .net "S", 0 0, L_0x564fa1916170;  1 drivers
v0x564fa18e8c90_0 .net "a", 0 0, L_0x564fa1916480;  1 drivers
v0x564fa18e8d60_0 .net "b", 0 0, L_0x564fa19165b0;  1 drivers
v0x564fa18e8e60_0 .net "cin", 0 0, L_0x564fa1915b30;  alias, 1 drivers
v0x564fa18e8f50_0 .net "cout", 0 0, L_0x564fa1916340;  alias, 1 drivers
v0x564fa18e9040_0 .net "cout1", 0 0, L_0x564fa19160e0;  1 drivers
v0x564fa18e90e0_0 .net "cout2", 0 0, L_0x564fa19162b0;  1 drivers
v0x564fa18e9180_0 .net "s1", 0 0, L_0x564fa1916030;  1 drivers
S_0x564fa18e8020 .scope module, "h1" "half_adder" 3 13, 3 1 0, S_0x564fa18e7e40;
 .timescale 0 0;
    .port_info 0 /INPUT 1 "a";
    .port_info 1 /INPUT 1 "b";
    .port_info 2 /OUTPUT 1 "S";
    .port_info 3 /OUTPUT 1 "cout";
L_0x564fa1916030 .functor XOR 1, L_0x564fa1916480, L_0x564fa19165b0, C4<0>, C4<0>;
L_0x564fa19160e0 .functor AND 1, L_0x564fa1916480, L_0x564fa19165b0, C4<1>, C4<1>;
v0x564fa18e8250_0 .net "S", 0 0, L_0x564fa1916030;  alias, 1 drivers
v0x564fa18e8330_0 .net "a", 0 0, L_0x564fa1916480;  alias, 1 drivers
v0x564fa18e83f0_0 .net "b", 0 0, L_0x564fa19165b0;  alias, 1 drivers
v0x564fa18e84c0_0 .net "cout", 0 0, L_0x564fa19160e0;  alias, 1 drivers
S_0x564fa18e8630 .scope module, "h2" "half_adder" 3 14, 3 1 0, S_0x564fa18e7e40;
 .timescale 0 0;
    .port_info 0 /INPUT 1 "a";
    .port_info 1 /INPUT 1 "b";
    .port_info 2 /OUTPUT 1 "S";
    .port_info 3 /OUTPUT 1 "cout";
L_0x564fa1916170 .functor XOR 1, L_0x564fa1915b30, L_0x564fa1916030, C4<0>, C4<0>;
L_0x564fa19162b0 .functor AND 1, L_0x564fa1915b30, L_0x564fa1916030, C4<1>, C4<1>;
v0x564fa18e8830_0 .net "S", 0 0, L_0x564fa1916170;  alias, 1 drivers
v0x564fa18e88f0_0 .net "a", 0 0, L_0x564fa1915b30;  alias, 1 drivers
v0x564fa18e89e0_0 .net "b", 0 0, L_0x564fa1916030;  alias, 1 drivers
v0x564fa18e8ae0_0 .net "cout", 0 0, L_0x564fa19162b0;  alias, 1 drivers
S_0x564fa18e9270 .scope generate, "genblk1[4]" "genblk1[4]" 3 28, 3 28 0, S_0x564fa18d3bf0;
 .timescale 0 0;
P_0x564fa18e94c0 .param/l "i" 0 3 28, +C4<0100>;
S_0x564fa18e95a0 .scope module, "fi" "full_adder" 3 29, 3 9 0, S_0x564fa18e9270;
 .timescale 0 0;
    .port_info 0 /INPUT 1 "a";
    .port_info 1 /INPUT 1 "b";
    .port_info 2 /INPUT 1 "cin";
    .port_info 3 /OUTPUT 1 "S";
    .port_info 4 /OUTPUT 1 "cout";
L_0x564fa1916a40 .functor OR 1, L_0x564fa19167e0, L_0x564fa19169b0, C4<0>, C4<0>;
v0x564fa18ea3e0_0 .net "S", 0 0, L_0x564fa1916870;  1 drivers
v0x564fa18ea4a0_0 .net "a", 0 0, L_0x564fa1916b80;  1 drivers
v0x564fa18ea570_0 .net "b", 0 0, L_0x564fa1916cb0;  1 drivers
v0x564fa18ea670_0 .net "cin", 0 0, L_0x564fa1916340;  alias, 1 drivers
v0x564fa18ea760_0 .net "cout", 0 0, L_0x564fa1916a40;  alias, 1 drivers
v0x564fa18ea850_0 .net "cout1", 0 0, L_0x564fa19167e0;  1 drivers
v0x564fa18ea8f0_0 .net "cout2", 0 0, L_0x564fa19169b0;  1 drivers
v0x564fa18ea990_0 .net "s1", 0 0, L_0x564fa1916730;  1 drivers
S_0x564fa18e9780 .scope module, "h1" "half_adder" 3 13, 3 1 0, S_0x564fa18e95a0;
 .timescale 0 0;
    .port_info 0 /INPUT 1 "a";
    .port_info 1 /INPUT 1 "b";
    .port_info 2 /OUTPUT 1 "S";
    .port_info 3 /OUTPUT 1 "cout";
L_0x564fa1916730 .functor XOR 1, L_0x564fa1916b80, L_0x564fa1916cb0, C4<0>, C4<0>;
L_0x564fa19167e0 .functor AND 1, L_0x564fa1916b80, L_0x564fa1916cb0, C4<1>, C4<1>;
v0x564fa18e99f0_0 .net "S", 0 0, L_0x564fa1916730;  alias, 1 drivers
v0x564fa18e9ad0_0 .net "a", 0 0, L_0x564fa1916b80;  alias, 1 drivers
v0x564fa18e9b90_0 .net "b", 0 0, L_0x564fa1916cb0;  alias, 1 drivers
v0x564fa18e9c60_0 .net "cout", 0 0, L_0x564fa19167e0;  alias, 1 drivers
S_0x564fa18e9dd0 .scope module, "h2" "half_adder" 3 14, 3 1 0, S_0x564fa18e95a0;
 .timescale 0 0;
    .port_info 0 /INPUT 1 "a";
    .port_info 1 /INPUT 1 "b";
    .port_info 2 /OUTPUT 1 "S";
    .port_info 3 /OUTPUT 1 "cout";
L_0x564fa1916870 .functor XOR 1, L_0x564fa1916340, L_0x564fa1916730, C4<0>, C4<0>;
L_0x564fa19169b0 .functor AND 1, L_0x564fa1916340, L_0x564fa1916730, C4<1>, C4<1>;
v0x564fa18ea040_0 .net "S", 0 0, L_0x564fa1916870;  alias, 1 drivers
v0x564fa18ea100_0 .net "a", 0 0, L_0x564fa1916340;  alias, 1 drivers
v0x564fa18ea1f0_0 .net "b", 0 0, L_0x564fa1916730;  alias, 1 drivers
v0x564fa18ea2f0_0 .net "cout", 0 0, L_0x564fa19169b0;  alias, 1 drivers
S_0x564fa18eaa80 .scope generate, "genblk1[5]" "genblk1[5]" 3 28, 3 28 0, S_0x564fa18d3bf0;
 .timescale 0 0;
P_0x564fa18eac80 .param/l "i" 0 3 28, +C4<0101>;
S_0x564fa18ead60 .scope module, "fi" "full_adder" 3 29, 3 9 0, S_0x564fa18eaa80;
 .timescale 0 0;
    .port_info 0 /INPUT 1 "a";
    .port_info 1 /INPUT 1 "b";
    .port_info 2 /INPUT 1 "cin";
    .port_info 3 /OUTPUT 1 "S";
    .port_info 4 /OUTPUT 1 "cout";
L_0x564fa1917150 .functor OR 1, L_0x564fa1916ef0, L_0x564fa19170c0, C4<0>, C4<0>;
v0x564fa18ebbd0_0 .net "S", 0 0, L_0x564fa1916f80;  1 drivers
v0x564fa18ebc90_0 .net "a", 0 0, L_0x564fa1917290;  1 drivers
v0x564fa18ebd60_0 .net "b", 0 0, L_0x564fa19173c0;  1 drivers
v0x564fa18ebe60_0 .net "cin", 0 0, L_0x564fa1916a40;  alias, 1 drivers
v0x564fa18ebf50_0 .net "cout", 0 0, L_0x564fa1917150;  alias, 1 drivers
v0x564fa18ec040_0 .net "cout1", 0 0, L_0x564fa1916ef0;  1 drivers
v0x564fa18ec0e0_0 .net "cout2", 0 0, L_0x564fa19170c0;  1 drivers
v0x564fa18ec180_0 .net "s1", 0 0, L_0x564fa1916e40;  1 drivers
S_0x564fa18eaf40 .scope module, "h1" "half_adder" 3 13, 3 1 0, S_0x564fa18ead60;
 .timescale 0 0;
    .port_info 0 /INPUT 1 "a";
    .port_info 1 /INPUT 1 "b";
    .port_info 2 /OUTPUT 1 "S";
    .port_info 3 /OUTPUT 1 "cout";
L_0x564fa1916e40 .functor XOR 1, L_0x564fa1917290, L_0x564fa19173c0, C4<0>, C4<0>;
L_0x564fa1916ef0 .functor AND 1, L_0x564fa1917290, L_0x564fa19173c0, C4<1>, C4<1>;
v0x564fa18eb1e0_0 .net "S", 0 0, L_0x564fa1916e40;  alias, 1 drivers
v0x564fa18eb2c0_0 .net "a", 0 0, L_0x564fa1917290;  alias, 1 drivers
v0x564fa18eb380_0 .net "b", 0 0, L_0x564fa19173c0;  alias, 1 drivers
v0x564fa18eb450_0 .net "cout", 0 0, L_0x564fa1916ef0;  alias, 1 drivers
S_0x564fa18eb5c0 .scope module, "h2" "half_adder" 3 14, 3 1 0, S_0x564fa18ead60;
 .timescale 0 0;
    .port_info 0 /INPUT 1 "a";
    .port_info 1 /INPUT 1 "b";
    .port_info 2 /OUTPUT 1 "S";
    .port_info 3 /OUTPUT 1 "cout";
L_0x564fa1916f80 .functor XOR 1, L_0x564fa1916a40, L_0x564fa1916e40, C4<0>, C4<0>;
L_0x564fa19170c0 .functor AND 1, L_0x564fa1916a40, L_0x564fa1916e40, C4<1>, C4<1>;
v0x564fa18eb830_0 .net "S", 0 0, L_0x564fa1916f80;  alias, 1 drivers
v0x564fa18eb8f0_0 .net "a", 0 0, L_0x564fa1916a40;  alias, 1 drivers
v0x564fa18eb9e0_0 .net "b", 0 0, L_0x564fa1916e40;  alias, 1 drivers
v0x564fa18ebae0_0 .net "cout", 0 0, L_0x564fa19170c0;  alias, 1 drivers
S_0x564fa18ec270 .scope generate, "genblk1[6]" "genblk1[6]" 3 28, 3 28 0, S_0x564fa18d3bf0;
 .timescale 0 0;
P_0x564fa18ec470 .param/l "i" 0 3 28, +C4<0110>;
S_0x564fa18ec550 .scope module, "fi" "full_adder" 3 29, 3 9 0, S_0x564fa18ec270;
 .timescale 0 0;
    .port_info 0 /INPUT 1 "a";
    .port_info 1 /INPUT 1 "b";
    .port_info 2 /INPUT 1 "cin";
    .port_info 3 /OUTPUT 1 "S";
    .port_info 4 /OUTPUT 1 "cout";
L_0x564fa19178c0 .functor OR 1, L_0x564fa1917610, L_0x564fa1917830, C4<0>, C4<0>;
v0x564fa18ed3c0_0 .net "S", 0 0, L_0x564fa19176a0;  1 drivers
v0x564fa18ed480_0 .net "a", 0 0, L_0x564fa1917a00;  1 drivers
v0x564fa18ed550_0 .net "b", 0 0, L_0x564fa1917c40;  1 drivers
v0x564fa18ed650_0 .net "cin", 0 0, L_0x564fa1917150;  alias, 1 drivers
v0x564fa18ed740_0 .net "cout", 0 0, L_0x564fa19178c0;  alias, 1 drivers
v0x564fa18ed830_0 .net "cout1", 0 0, L_0x564fa1917610;  1 drivers
v0x564fa18ed8d0_0 .net "cout2", 0 0, L_0x564fa1917830;  1 drivers
v0x564fa18ed970_0 .net "s1", 0 0, L_0x564fa1917560;  1 drivers
S_0x564fa18ec730 .scope module, "h1" "half_adder" 3 13, 3 1 0, S_0x564fa18ec550;
 .timescale 0 0;
    .port_info 0 /INPUT 1 "a";
    .port_info 1 /INPUT 1 "b";
    .port_info 2 /OUTPUT 1 "S";
    .port_info 3 /OUTPUT 1 "cout";
L_0x564fa1917560 .functor XOR 1, L_0x564fa1917a00, L_0x564fa1917c40, C4<0>, C4<0>;
L_0x564fa1917610 .functor AND 1, L_0x564fa1917a00, L_0x564fa1917c40, C4<1>, C4<1>;
v0x564fa18ec9d0_0 .net "S", 0 0, L_0x564fa1917560;  alias, 1 drivers
v0x564fa18ecab0_0 .net "a", 0 0, L_0x564fa1917a00;  alias, 1 drivers
v0x564fa18ecb70_0 .net "b", 0 0, L_0x564fa1917c40;  alias, 1 drivers
v0x564fa18ecc40_0 .net "cout", 0 0, L_0x564fa1917610;  alias, 1 drivers
S_0x564fa18ecdb0 .scope module, "h2" "half_adder" 3 14, 3 1 0, S_0x564fa18ec550;
 .timescale 0 0;
    .port_info 0 /INPUT 1 "a";
    .port_info 1 /INPUT 1 "b";
    .port_info 2 /OUTPUT 1 "S";
    .port_info 3 /OUTPUT 1 "cout";
L_0x564fa19176a0 .functor XOR 1, L_0x564fa1917150, L_0x564fa1917560, C4<0>, C4<0>;
L_0x564fa1917830 .functor AND 1, L_0x564fa1917150, L_0x564fa1917560, C4<1>, C4<1>;
v0x564fa18ed020_0 .net "S", 0 0, L_0x564fa19176a0;  alias, 1 drivers
v0x564fa18ed0e0_0 .net "a", 0 0, L_0x564fa1917150;  alias, 1 drivers
v0x564fa18ed1d0_0 .net "b", 0 0, L_0x564fa1917560;  alias, 1 drivers
v0x564fa18ed2d0_0 .net "cout", 0 0, L_0x564fa1917830;  alias, 1 drivers
S_0x564fa18eda60 .scope generate, "genblk1[7]" "genblk1[7]" 3 28, 3 28 0, S_0x564fa18d3bf0;
 .timescale 0 0;
P_0x564fa18edc60 .param/l "i" 0 3 28, +C4<0111>;
S_0x564fa18edd40 .scope module, "fi" "full_adder" 3 29, 3 9 0, S_0x564fa18eda60;
 .timescale 0 0;
    .port_info 0 /INPUT 1 "a";
    .port_info 1 /INPUT 1 "b";
    .port_info 2 /INPUT 1 "cin";
    .port_info 3 /OUTPUT 1 "S";
    .port_info 4 /OUTPUT 1 "cout";
L_0x564fa19180d0 .functor OR 1, L_0x564fa1917eb0, L_0x564fa1918040, C4<0>, C4<0>;
v0x564fa18eec30_0 .net "S", 0 0, L_0x564fa1917f40;  1 drivers
v0x564fa18eecf0_0 .net "a", 0 0, L_0x564fa1918210;  1 drivers
v0x564fa18eedc0_0 .net "b", 0 0, L_0x564fa1918340;  1 drivers
v0x564fa18eeec0_0 .net "cin", 0 0, L_0x564fa19178c0;  alias, 1 drivers
v0x564fa18eefb0_0 .net "cout", 0 0, L_0x564fa19180d0;  alias, 1 drivers
v0x564fa18ef0a0_0 .net "cout1", 0 0, L_0x564fa1917eb0;  1 drivers
v0x564fa18ef140_0 .net "cout2", 0 0, L_0x564fa1918040;  1 drivers
v0x564fa18ef1e0_0 .net "s1", 0 0, L_0x564fa19174f0;  1 drivers
S_0x564fa18edfa0 .scope module, "h1" "half_adder" 3 13, 3 1 0, S_0x564fa18edd40;
 .timescale 0 0;
    .port_info 0 /INPUT 1 "a";
    .port_info 1 /INPUT 1 "b";
    .port_info 2 /OUTPUT 1 "S";
    .port_info 3 /OUTPUT 1 "cout";
L_0x564fa19174f0 .functor XOR 1, L_0x564fa1918210, L_0x564fa1918340, C4<0>, C4<0>;
L_0x564fa1917eb0 .functor AND 1, L_0x564fa1918210, L_0x564fa1918340, C4<1>, C4<1>;
v0x564fa18ee240_0 .net "S", 0 0, L_0x564fa19174f0;  alias, 1 drivers
v0x564fa18ee320_0 .net "a", 0 0, L_0x564fa1918210;  alias, 1 drivers
v0x564fa18ee3e0_0 .net "b", 0 0, L_0x564fa1918340;  alias, 1 drivers
v0x564fa18ee4b0_0 .net "cout", 0 0, L_0x564fa1917eb0;  alias, 1 drivers
S_0x564fa18ee620 .scope module, "h2" "half_adder" 3 14, 3 1 0, S_0x564fa18edd40;
 .timescale 0 0;
    .port_info 0 /INPUT 1 "a";
    .port_info 1 /INPUT 1 "b";
    .port_info 2 /OUTPUT 1 "S";
    .port_info 3 /OUTPUT 1 "cout";
L_0x564fa1917f40 .functor XOR 1, L_0x564fa19178c0, L_0x564fa19174f0, C4<0>, C4<0>;
L_0x564fa1918040 .functor AND 1, L_0x564fa19178c0, L_0x564fa19174f0, C4<1>, C4<1>;
v0x564fa18ee890_0 .net "S", 0 0, L_0x564fa1917f40;  alias, 1 drivers
v0x564fa18ee950_0 .net "a", 0 0, L_0x564fa19178c0;  alias, 1 drivers
v0x564fa18eea40_0 .net "b", 0 0, L_0x564fa19174f0;  alias, 1 drivers
v0x564fa18eeb40_0 .net "cout", 0 0, L_0x564fa1918040;  alias, 1 drivers
S_0x564fa18ef2d0 .scope generate, "genblk1[8]" "genblk1[8]" 3 28, 3 28 0, S_0x564fa18d3bf0;
 .timescale 0 0;
P_0x564fa18e9470 .param/l "i" 0 3 28, +C4<01000>;
S_0x564fa18ef560 .scope module, "fi" "full_adder" 3 29, 3 9 0, S_0x564fa18ef2d0;
 .timescale 0 0;
    .port_info 0 /INPUT 1 "a";
    .port_info 1 /INPUT 1 "b";
    .port_info 2 /INPUT 1 "cin";
    .port_info 3 /OUTPUT 1 "S";
    .port_info 4 /OUTPUT 1 "cout";
L_0x564fa1918860 .functor OR 1, L_0x564fa19185b0, L_0x564fa19187d0, C4<0>, C4<0>;
v0x564fa18f0450_0 .net "S", 0 0, L_0x564fa1918640;  1 drivers
v0x564fa18f0510_0 .net "a", 0 0, L_0x564fa19189a0;  1 drivers
v0x564fa18f05e0_0 .net "b", 0 0, L_0x564fa1918ad0;  1 drivers
v0x564fa18f06e0_0 .net "cin", 0 0, L_0x564fa19180d0;  alias, 1 drivers
v0x564fa18f07d0_0 .net "cout", 0 0, L_0x564fa1918860;  alias, 1 drivers
v0x564fa18f08c0_0 .net "cout1", 0 0, L_0x564fa19185b0;  1 drivers
v0x564fa18f0960_0 .net "cout2", 0 0, L_0x564fa19187d0;  1 drivers
v0x564fa18f0a00_0 .net "s1", 0 0, L_0x564fa1918500;  1 drivers
S_0x564fa18ef7c0 .scope module, "h1" "half_adder" 3 13, 3 1 0, S_0x564fa18ef560;
 .timescale 0 0;
    .port_info 0 /INPUT 1 "a";
    .port_info 1 /INPUT 1 "b";
    .port_info 2 /OUTPUT 1 "S";
    .port_info 3 /OUTPUT 1 "cout";
L_0x564fa1918500 .functor XOR 1, L_0x564fa19189a0, L_0x564fa1918ad0, C4<0>, C4<0>;
L_0x564fa19185b0 .functor AND 1, L_0x564fa19189a0, L_0x564fa1918ad0, C4<1>, C4<1>;
v0x564fa18efa60_0 .net "S", 0 0, L_0x564fa1918500;  alias, 1 drivers
v0x564fa18efb40_0 .net "a", 0 0, L_0x564fa19189a0;  alias, 1 drivers
v0x564fa18efc00_0 .net "b", 0 0, L_0x564fa1918ad0;  alias, 1 drivers
v0x564fa18efcd0_0 .net "cout", 0 0, L_0x564fa19185b0;  alias, 1 drivers
S_0x564fa18efe40 .scope module, "h2" "half_adder" 3 14, 3 1 0, S_0x564fa18ef560;
 .timescale 0 0;
    .port_info 0 /INPUT 1 "a";
    .port_info 1 /INPUT 1 "b";
    .port_info 2 /OUTPUT 1 "S";
    .port_info 3 /OUTPUT 1 "cout";
L_0x564fa1918640 .functor XOR 1, L_0x564fa19180d0, L_0x564fa1918500, C4<0>, C4<0>;
L_0x564fa19187d0 .functor AND 1, L_0x564fa19180d0, L_0x564fa1918500, C4<1>, C4<1>;
v0x564fa18f00b0_0 .net "S", 0 0, L_0x564fa1918640;  alias, 1 drivers
v0x564fa18f0170_0 .net "a", 0 0, L_0x564fa19180d0;  alias, 1 drivers
v0x564fa18f0260_0 .net "b", 0 0, L_0x564fa1918500;  alias, 1 drivers
v0x564fa18f0360_0 .net "cout", 0 0, L_0x564fa19187d0;  alias, 1 drivers
S_0x564fa18f0af0 .scope generate, "genblk1[9]" "genblk1[9]" 3 28, 3 28 0, S_0x564fa18d3bf0;
 .timescale 0 0;
P_0x564fa18f0cf0 .param/l "i" 0 3 28, +C4<01001>;
S_0x564fa18f0dd0 .scope module, "fi" "full_adder" 3 29, 3 9 0, S_0x564fa18f0af0;
 .timescale 0 0;
    .port_info 0 /INPUT 1 "a";
    .port_info 1 /INPUT 1 "b";
    .port_info 2 /INPUT 1 "cin";
    .port_info 3 /OUTPUT 1 "S";
    .port_info 4 /OUTPUT 1 "cout";
L_0x564fa1918f70 .functor OR 1, L_0x564fa1918d50, L_0x564fa1918ee0, C4<0>, C4<0>;
v0x564fa18f1cc0_0 .net "S", 0 0, L_0x564fa1918de0;  1 drivers
v0x564fa18f1d80_0 .net "a", 0 0, L_0x564fa19190b0;  1 drivers
v0x564fa18f1e50_0 .net "b", 0 0, L_0x564fa19191e0;  1 drivers
v0x564fa18f1f50_0 .net "cin", 0 0, L_0x564fa1918860;  alias, 1 drivers
v0x564fa18f2040_0 .net "cout", 0 0, L_0x564fa1918f70;  alias, 1 drivers
v0x564fa18f2130_0 .net "cout1", 0 0, L_0x564fa1918d50;  1 drivers
v0x564fa18f21d0_0 .net "cout2", 0 0, L_0x564fa1918ee0;  1 drivers
v0x564fa18f2270_0 .net "s1", 0 0, L_0x564fa1918ca0;  1 drivers
S_0x564fa18f1030 .scope module, "h1" "half_adder" 3 13, 3 1 0, S_0x564fa18f0dd0;
 .timescale 0 0;
    .port_info 0 /INPUT 1 "a";
    .port_info 1 /INPUT 1 "b";
    .port_info 2 /OUTPUT 1 "S";
    .port_info 3 /OUTPUT 1 "cout";
L_0x564fa1918ca0 .functor XOR 1, L_0x564fa19190b0, L_0x564fa19191e0, C4<0>, C4<0>;
L_0x564fa1918d50 .functor AND 1, L_0x564fa19190b0, L_0x564fa19191e0, C4<1>, C4<1>;
v0x564fa18f12d0_0 .net "S", 0 0, L_0x564fa1918ca0;  alias, 1 drivers
v0x564fa18f13b0_0 .net "a", 0 0, L_0x564fa19190b0;  alias, 1 drivers
v0x564fa18f1470_0 .net "b", 0 0, L_0x564fa19191e0;  alias, 1 drivers
v0x564fa18f1540_0 .net "cout", 0 0, L_0x564fa1918d50;  alias, 1 drivers
S_0x564fa18f16b0 .scope module, "h2" "half_adder" 3 14, 3 1 0, S_0x564fa18f0dd0;
 .timescale 0 0;
    .port_info 0 /INPUT 1 "a";
    .port_info 1 /INPUT 1 "b";
    .port_info 2 /OUTPUT 1 "S";
    .port_info 3 /OUTPUT 1 "cout";
L_0x564fa1918de0 .functor XOR 1, L_0x564fa1918860, L_0x564fa1918ca0, C4<0>, C4<0>;
L_0x564fa1918ee0 .functor AND 1, L_0x564fa1918860, L_0x564fa1918ca0, C4<1>, C4<1>;
v0x564fa18f1920_0 .net "S", 0 0, L_0x564fa1918de0;  alias, 1 drivers
v0x564fa18f19e0_0 .net "a", 0 0, L_0x564fa1918860;  alias, 1 drivers
v0x564fa18f1ad0_0 .net "b", 0 0, L_0x564fa1918ca0;  alias, 1 drivers
v0x564fa18f1bd0_0 .net "cout", 0 0, L_0x564fa1918ee0;  alias, 1 drivers
S_0x564fa18f2360 .scope generate, "genblk1[10]" "genblk1[10]" 3 28, 3 28 0, S_0x564fa18d3bf0;
 .timescale 0 0;
P_0x564fa18f2560 .param/l "i" 0 3 28, +C4<01010>;
S_0x564fa18f2640 .scope module, "fi" "full_adder" 3 29, 3 9 0, S_0x564fa18f2360;
 .timescale 0 0;
    .port_info 0 /INPUT 1 "a";
    .port_info 1 /INPUT 1 "b";
    .port_info 2 /INPUT 1 "cin";
    .port_info 3 /OUTPUT 1 "S";
    .port_info 4 /OUTPUT 1 "cout";
L_0x564fa1919720 .functor OR 1, L_0x564fa1919470, L_0x564fa1919690, C4<0>, C4<0>;
v0x564fa18f3530_0 .net "S", 0 0, L_0x564fa1919500;  1 drivers
v0x564fa18f35f0_0 .net "a", 0 0, L_0x564fa1918c00;  1 drivers
v0x564fa18f36c0_0 .net "b", 0 0, L_0x564fa19198f0;  1 drivers
v0x564fa18f37c0_0 .net "cin", 0 0, L_0x564fa1918f70;  alias, 1 drivers
v0x564fa18f38b0_0 .net "cout", 0 0, L_0x564fa1919720;  alias, 1 drivers
v0x564fa18f39a0_0 .net "cout1", 0 0, L_0x564fa1919470;  1 drivers
v0x564fa18f3a40_0 .net "cout2", 0 0, L_0x564fa1919690;  1 drivers
v0x564fa18f3ae0_0 .net "s1", 0 0, L_0x564fa19193c0;  1 drivers
S_0x564fa18f28a0 .scope module, "h1" "half_adder" 3 13, 3 1 0, S_0x564fa18f2640;
 .timescale 0 0;
    .port_info 0 /INPUT 1 "a";
    .port_info 1 /INPUT 1 "b";
    .port_info 2 /OUTPUT 1 "S";
    .port_info 3 /OUTPUT 1 "cout";
L_0x564fa19193c0 .functor XOR 1, L_0x564fa1918c00, L_0x564fa19198f0, C4<0>, C4<0>;
L_0x564fa1919470 .functor AND 1, L_0x564fa1918c00, L_0x564fa19198f0, C4<1>, C4<1>;
v0x564fa18f2b40_0 .net "S", 0 0, L_0x564fa19193c0;  alias, 1 drivers
v0x564fa18f2c20_0 .net "a", 0 0, L_0x564fa1918c00;  alias, 1 drivers
v0x564fa18f2ce0_0 .net "b", 0 0, L_0x564fa19198f0;  alias, 1 drivers
v0x564fa18f2db0_0 .net "cout", 0 0, L_0x564fa1919470;  alias, 1 drivers
S_0x564fa18f2f20 .scope module, "h2" "half_adder" 3 14, 3 1 0, S_0x564fa18f2640;
 .timescale 0 0;
    .port_info 0 /INPUT 1 "a";
    .port_info 1 /INPUT 1 "b";
    .port_info 2 /OUTPUT 1 "S";
    .port_info 3 /OUTPUT 1 "cout";
L_0x564fa1919500 .functor XOR 1, L_0x564fa1918f70, L_0x564fa19193c0, C4<0>, C4<0>;
L_0x564fa1919690 .functor AND 1, L_0x564fa1918f70, L_0x564fa19193c0, C4<1>, C4<1>;
v0x564fa18f3190_0 .net "S", 0 0, L_0x564fa1919500;  alias, 1 drivers
v0x564fa18f3250_0 .net "a", 0 0, L_0x564fa1918f70;  alias, 1 drivers
v0x564fa18f3340_0 .net "b", 0 0, L_0x564fa19193c0;  alias, 1 drivers
v0x564fa18f3440_0 .net "cout", 0 0, L_0x564fa1919690;  alias, 1 drivers
S_0x564fa18f3bd0 .scope generate, "genblk1[11]" "genblk1[11]" 3 28, 3 28 0, S_0x564fa18d3bf0;
 .timescale 0 0;
P_0x564fa18f3dd0 .param/l "i" 0 3 28, +C4<01011>;
S_0x564fa18f3eb0 .scope module, "fi" "full_adder" 3 29, 3 9 0, S_0x564fa18f3bd0;
 .timescale 0 0;
    .port_info 0 /INPUT 1 "a";
    .port_info 1 /INPUT 1 "b";
    .port_info 2 /INPUT 1 "cin";
    .port_info 3 /OUTPUT 1 "S";
    .port_info 4 /OUTPUT 1 "cout";
L_0x564fa1919e40 .functor OR 1, L_0x564fa1919b90, L_0x564fa1919db0, C4<0>, C4<0>;
v0x564fa18f4da0_0 .net "S", 0 0, L_0x564fa1919c20;  1 drivers
v0x564fa18f4e60_0 .net "a", 0 0, L_0x564fa1919f80;  1 drivers
v0x564fa18f4f30_0 .net "b", 0 0, L_0x564fa191a0b0;  1 drivers
v0x564fa18f5030_0 .net "cin", 0 0, L_0x564fa1919720;  alias, 1 drivers
v0x564fa18f5120_0 .net "cout", 0 0, L_0x564fa1919e40;  alias, 1 drivers
v0x564fa18f5210_0 .net "cout1", 0 0, L_0x564fa1919b90;  1 drivers
v0x564fa18f52b0_0 .net "cout2", 0 0, L_0x564fa1919db0;  1 drivers
v0x564fa18f5350_0 .net "s1", 0 0, L_0x564fa1919ae0;  1 drivers
S_0x564fa18f4110 .scope module, "h1" "half_adder" 3 13, 3 1 0, S_0x564fa18f3eb0;
 .timescale 0 0;
    .port_info 0 /INPUT 1 "a";
    .port_info 1 /INPUT 1 "b";
    .port_info 2 /OUTPUT 1 "S";
    .port_info 3 /OUTPUT 1 "cout";
L_0x564fa1919ae0 .functor XOR 1, L_0x564fa1919f80, L_0x564fa191a0b0, C4<0>, C4<0>;
L_0x564fa1919b90 .functor AND 1, L_0x564fa1919f80, L_0x564fa191a0b0, C4<1>, C4<1>;
v0x564fa18f43b0_0 .net "S", 0 0, L_0x564fa1919ae0;  alias, 1 drivers
v0x564fa18f4490_0 .net "a", 0 0, L_0x564fa1919f80;  alias, 1 drivers
v0x564fa18f4550_0 .net "b", 0 0, L_0x564fa191a0b0;  alias, 1 drivers
v0x564fa18f4620_0 .net "cout", 0 0, L_0x564fa1919b90;  alias, 1 drivers
S_0x564fa18f4790 .scope module, "h2" "half_adder" 3 14, 3 1 0, S_0x564fa18f3eb0;
 .timescale 0 0;
    .port_info 0 /INPUT 1 "a";
    .port_info 1 /INPUT 1 "b";
    .port_info 2 /OUTPUT 1 "S";
    .port_info 3 /OUTPUT 1 "cout";
L_0x564fa1919c20 .functor XOR 1, L_0x564fa1919720, L_0x564fa1919ae0, C4<0>, C4<0>;
L_0x564fa1919db0 .functor AND 1, L_0x564fa1919720, L_0x564fa1919ae0, C4<1>, C4<1>;
v0x564fa18f4a00_0 .net "S", 0 0, L_0x564fa1919c20;  alias, 1 drivers
v0x564fa18f4ac0_0 .net "a", 0 0, L_0x564fa1919720;  alias, 1 drivers
v0x564fa18f4bb0_0 .net "b", 0 0, L_0x564fa1919ae0;  alias, 1 drivers
v0x564fa18f4cb0_0 .net "cout", 0 0, L_0x564fa1919db0;  alias, 1 drivers
S_0x564fa18f5440 .scope generate, "genblk1[12]" "genblk1[12]" 3 28, 3 28 0, S_0x564fa18d3bf0;
 .timescale 0 0;
P_0x564fa18f5640 .param/l "i" 0 3 28, +C4<01100>;
S_0x564fa18f5720 .scope module, "fi" "full_adder" 3 29, 3 9 0, S_0x564fa18f5440;
 .timescale 0 0;
    .port_info 0 /INPUT 1 "a";
    .port_info 1 /INPUT 1 "b";
    .port_info 2 /INPUT 1 "cin";
    .port_info 3 /OUTPUT 1 "S";
    .port_info 4 /OUTPUT 1 "cout";
L_0x564fa191a610 .functor OR 1, L_0x564fa191a360, L_0x564fa191a580, C4<0>, C4<0>;
v0x564fa18f6610_0 .net "S", 0 0, L_0x564fa191a3f0;  1 drivers
v0x564fa18f66d0_0 .net "a", 0 0, L_0x564fa191a750;  1 drivers
v0x564fa18f67a0_0 .net "b", 0 0, L_0x564fa191a880;  1 drivers
v0x564fa18f68a0_0 .net "cin", 0 0, L_0x564fa1919e40;  alias, 1 drivers
v0x564fa18f6990_0 .net "cout", 0 0, L_0x564fa191a610;  alias, 1 drivers
v0x564fa18f6a80_0 .net "cout1", 0 0, L_0x564fa191a360;  1 drivers
v0x564fa18f6b20_0 .net "cout2", 0 0, L_0x564fa191a580;  1 drivers
v0x564fa18f6bc0_0 .net "s1", 0 0, L_0x564fa191a2b0;  1 drivers
S_0x564fa18f5980 .scope module, "h1" "half_adder" 3 13, 3 1 0, S_0x564fa18f5720;
 .timescale 0 0;
    .port_info 0 /INPUT 1 "a";
    .port_info 1 /INPUT 1 "b";
    .port_info 2 /OUTPUT 1 "S";
    .port_info 3 /OUTPUT 1 "cout";
L_0x564fa191a2b0 .functor XOR 1, L_0x564fa191a750, L_0x564fa191a880, C4<0>, C4<0>;
L_0x564fa191a360 .functor AND 1, L_0x564fa191a750, L_0x564fa191a880, C4<1>, C4<1>;
v0x564fa18f5c20_0 .net "S", 0 0, L_0x564fa191a2b0;  alias, 1 drivers
v0x564fa18f5d00_0 .net "a", 0 0, L_0x564fa191a750;  alias, 1 drivers
v0x564fa18f5dc0_0 .net "b", 0 0, L_0x564fa191a880;  alias, 1 drivers
v0x564fa18f5e90_0 .net "cout", 0 0, L_0x564fa191a360;  alias, 1 drivers
S_0x564fa18f6000 .scope module, "h2" "half_adder" 3 14, 3 1 0, S_0x564fa18f5720;
 .timescale 0 0;
    .port_info 0 /INPUT 1 "a";
    .port_info 1 /INPUT 1 "b";
    .port_info 2 /OUTPUT 1 "S";
    .port_info 3 /OUTPUT 1 "cout";
L_0x564fa191a3f0 .functor XOR 1, L_0x564fa1919e40, L_0x564fa191a2b0, C4<0>, C4<0>;
L_0x564fa191a580 .functor AND 1, L_0x564fa1919e40, L_0x564fa191a2b0, C4<1>, C4<1>;
v0x564fa18f6270_0 .net "S", 0 0, L_0x564fa191a3f0;  alias, 1 drivers
v0x564fa18f6330_0 .net "a", 0 0, L_0x564fa1919e40;  alias, 1 drivers
v0x564fa18f6420_0 .net "b", 0 0, L_0x564fa191a2b0;  alias, 1 drivers
v0x564fa18f6520_0 .net "cout", 0 0, L_0x564fa191a580;  alias, 1 drivers
S_0x564fa18f6cb0 .scope generate, "genblk1[13]" "genblk1[13]" 3 28, 3 28 0, S_0x564fa18d3bf0;
 .timescale 0 0;
P_0x564fa18f6eb0 .param/l "i" 0 3 28, +C4<01101>;
S_0x564fa18f6f90 .scope module, "fi" "full_adder" 3 29, 3 9 0, S_0x564fa18f6cb0;
 .timescale 0 0;
    .port_info 0 /INPUT 1 "a";
    .port_info 1 /INPUT 1 "b";
    .port_info 2 /INPUT 1 "cin";
    .port_info 3 /OUTPUT 1 "S";
    .port_info 4 /OUTPUT 1 "cout";
L_0x564fa191adf0 .functor OR 1, L_0x564fa191ab40, L_0x564fa191ad60, C4<0>, C4<0>;
v0x564fa18f7e80_0 .net "S", 0 0, L_0x564fa191abd0;  1 drivers
v0x564fa18f7f40_0 .net "a", 0 0, L_0x564fa191af30;  1 drivers
v0x564fa18f8010_0 .net "b", 0 0, L_0x564fa191b060;  1 drivers
v0x564fa18f8110_0 .net "cin", 0 0, L_0x564fa191a610;  alias, 1 drivers
v0x564fa18f8200_0 .net "cout", 0 0, L_0x564fa191adf0;  alias, 1 drivers
v0x564fa18f82f0_0 .net "cout1", 0 0, L_0x564fa191ab40;  1 drivers
v0x564fa18f8390_0 .net "cout2", 0 0, L_0x564fa191ad60;  1 drivers
v0x564fa18f8430_0 .net "s1", 0 0, L_0x564fa191aa90;  1 drivers
S_0x564fa18f71f0 .scope module, "h1" "half_adder" 3 13, 3 1 0, S_0x564fa18f6f90;
 .timescale 0 0;
    .port_info 0 /INPUT 1 "a";
    .port_info 1 /INPUT 1 "b";
    .port_info 2 /OUTPUT 1 "S";
    .port_info 3 /OUTPUT 1 "cout";
L_0x564fa191aa90 .functor XOR 1, L_0x564fa191af30, L_0x564fa191b060, C4<0>, C4<0>;
L_0x564fa191ab40 .functor AND 1, L_0x564fa191af30, L_0x564fa191b060, C4<1>, C4<1>;
v0x564fa18f7490_0 .net "S", 0 0, L_0x564fa191aa90;  alias, 1 drivers
v0x564fa18f7570_0 .net "a", 0 0, L_0x564fa191af30;  alias, 1 drivers
v0x564fa18f7630_0 .net "b", 0 0, L_0x564fa191b060;  alias, 1 drivers
v0x564fa18f7700_0 .net "cout", 0 0, L_0x564fa191ab40;  alias, 1 drivers
S_0x564fa18f7870 .scope module, "h2" "half_adder" 3 14, 3 1 0, S_0x564fa18f6f90;
 .timescale 0 0;
    .port_info 0 /INPUT 1 "a";
    .port_info 1 /INPUT 1 "b";
    .port_info 2 /OUTPUT 1 "S";
    .port_info 3 /OUTPUT 1 "cout";
L_0x564fa191abd0 .functor XOR 1, L_0x564fa191a610, L_0x564fa191aa90, C4<0>, C4<0>;
L_0x564fa191ad60 .functor AND 1, L_0x564fa191a610, L_0x564fa191aa90, C4<1>, C4<1>;
v0x564fa18f7ae0_0 .net "S", 0 0, L_0x564fa191abd0;  alias, 1 drivers
v0x564fa18f7ba0_0 .net "a", 0 0, L_0x564fa191a610;  alias, 1 drivers
v0x564fa18f7c90_0 .net "b", 0 0, L_0x564fa191aa90;  alias, 1 drivers
v0x564fa18f7d90_0 .net "cout", 0 0, L_0x564fa191ad60;  alias, 1 drivers
S_0x564fa18f8520 .scope generate, "genblk1[14]" "genblk1[14]" 3 28, 3 28 0, S_0x564fa18d3bf0;
 .timescale 0 0;
P_0x564fa18f8720 .param/l "i" 0 3 28, +C4<01110>;
S_0x564fa18f8800 .scope module, "fi" "full_adder" 3 29, 3 9 0, S_0x564fa18f8520;
 .timescale 0 0;
    .port_info 0 /INPUT 1 "a";
    .port_info 1 /INPUT 1 "b";
    .port_info 2 /INPUT 1 "cin";
    .port_info 3 /OUTPUT 1 "S";
    .port_info 4 /OUTPUT 1 "cout";
L_0x564fa191b5e0 .functor OR 1, L_0x564fa191b330, L_0x564fa191b550, C4<0>, C4<0>;
v0x564fa18f96f0_0 .net "S", 0 0, L_0x564fa191b3c0;  1 drivers
v0x564fa18f97b0_0 .net "a", 0 0, L_0x564fa191b720;  1 drivers
v0x564fa18f9880_0 .net "b", 0 0, L_0x564fa191ba60;  1 drivers
v0x564fa18f9980_0 .net "cin", 0 0, L_0x564fa191adf0;  alias, 1 drivers
v0x564fa18f9a70_0 .net "cout", 0 0, L_0x564fa191b5e0;  alias, 1 drivers
v0x564fa18f9b60_0 .net "cout1", 0 0, L_0x564fa191b330;  1 drivers
v0x564fa18f9c00_0 .net "cout2", 0 0, L_0x564fa191b550;  1 drivers
v0x564fa18f9ca0_0 .net "s1", 0 0, L_0x564fa191b280;  1 drivers
S_0x564fa18f8a60 .scope module, "h1" "half_adder" 3 13, 3 1 0, S_0x564fa18f8800;
 .timescale 0 0;
    .port_info 0 /INPUT 1 "a";
    .port_info 1 /INPUT 1 "b";
    .port_info 2 /OUTPUT 1 "S";
    .port_info 3 /OUTPUT 1 "cout";
L_0x564fa191b280 .functor XOR 1, L_0x564fa191b720, L_0x564fa191ba60, C4<0>, C4<0>;
L_0x564fa191b330 .functor AND 1, L_0x564fa191b720, L_0x564fa191ba60, C4<1>, C4<1>;
v0x564fa18f8d00_0 .net "S", 0 0, L_0x564fa191b280;  alias, 1 drivers
v0x564fa18f8de0_0 .net "a", 0 0, L_0x564fa191b720;  alias, 1 drivers
v0x564fa18f8ea0_0 .net "b", 0 0, L_0x564fa191ba60;  alias, 1 drivers
v0x564fa18f8f70_0 .net "cout", 0 0, L_0x564fa191b330;  alias, 1 drivers
S_0x564fa18f90e0 .scope module, "h2" "half_adder" 3 14, 3 1 0, S_0x564fa18f8800;
 .timescale 0 0;
    .port_info 0 /INPUT 1 "a";
    .port_info 1 /INPUT 1 "b";
    .port_info 2 /OUTPUT 1 "S";
    .port_info 3 /OUTPUT 1 "cout";
L_0x564fa191b3c0 .functor XOR 1, L_0x564fa191adf0, L_0x564fa191b280, C4<0>, C4<0>;
L_0x564fa191b550 .functor AND 1, L_0x564fa191adf0, L_0x564fa191b280, C4<1>, C4<1>;
v0x564fa18f9350_0 .net "S", 0 0, L_0x564fa191b3c0;  alias, 1 drivers
v0x564fa18f9410_0 .net "a", 0 0, L_0x564fa191adf0;  alias, 1 drivers
v0x564fa18f9500_0 .net "b", 0 0, L_0x564fa191b280;  alias, 1 drivers
v0x564fa18f9600_0 .net "cout", 0 0, L_0x564fa191b550;  alias, 1 drivers
S_0x564fa18f9d90 .scope generate, "genblk1[15]" "genblk1[15]" 3 28, 3 28 0, S_0x564fa18d3bf0;
 .timescale 0 0;
P_0x564fa18f9f90 .param/l "i" 0 3 28, +C4<01111>;
S_0x564fa18fa070 .scope module, "fi" "full_adder" 3 29, 3 9 0, S_0x564fa18f9d90;
 .timescale 0 0;
    .port_info 0 /INPUT 1 "a";
    .port_info 1 /INPUT 1 "b";
    .port_info 2 /INPUT 1 "cin";
    .port_info 3 /OUTPUT 1 "S";
    .port_info 4 /OUTPUT 1 "cout";
L_0x564fa191c200 .functor OR 1, L_0x564fa191bf50, L_0x564fa191c170, C4<0>, C4<0>;
v0x564fa18faf60_0 .net "S", 0 0, L_0x564fa191bfe0;  1 drivers
v0x564fa18fb020_0 .net "a", 0 0, L_0x564fa191c340;  1 drivers
v0x564fa18fb0f0_0 .net "b", 0 0, L_0x564fa191c470;  1 drivers
v0x564fa18fb1f0_0 .net "cin", 0 0, L_0x564fa191b5e0;  alias, 1 drivers
v0x564fa18fb2e0_0 .net "cout", 0 0, L_0x564fa191c200;  alias, 1 drivers
v0x564fa18fb3d0_0 .net "cout1", 0 0, L_0x564fa191bf50;  1 drivers
v0x564fa18fb470_0 .net "cout2", 0 0, L_0x564fa191c170;  1 drivers
v0x564fa18fb510_0 .net "s1", 0 0, L_0x564fa191bea0;  1 drivers
S_0x564fa18fa2d0 .scope module, "h1" "half_adder" 3 13, 3 1 0, S_0x564fa18fa070;
 .timescale 0 0;
    .port_info 0 /INPUT 1 "a";
    .port_info 1 /INPUT 1 "b";
    .port_info 2 /OUTPUT 1 "S";
    .port_info 3 /OUTPUT 1 "cout";
L_0x564fa191bea0 .functor XOR 1, L_0x564fa191c340, L_0x564fa191c470, C4<0>, C4<0>;
L_0x564fa191bf50 .functor AND 1, L_0x564fa191c340, L_0x564fa191c470, C4<1>, C4<1>;
v0x564fa18fa570_0 .net "S", 0 0, L_0x564fa191bea0;  alias, 1 drivers
v0x564fa18fa650_0 .net "a", 0 0, L_0x564fa191c340;  alias, 1 drivers
v0x564fa18fa710_0 .net "b", 0 0, L_0x564fa191c470;  alias, 1 drivers
v0x564fa18fa7e0_0 .net "cout", 0 0, L_0x564fa191bf50;  alias, 1 drivers
S_0x564fa18fa950 .scope module, "h2" "half_adder" 3 14, 3 1 0, S_0x564fa18fa070;
 .timescale 0 0;
    .port_info 0 /INPUT 1 "a";
    .port_info 1 /INPUT 1 "b";
    .port_info 2 /OUTPUT 1 "S";
    .port_info 3 /OUTPUT 1 "cout";
L_0x564fa191bfe0 .functor XOR 1, L_0x564fa191b5e0, L_0x564fa191bea0, C4<0>, C4<0>;
L_0x564fa191c170 .functor AND 1, L_0x564fa191b5e0, L_0x564fa191bea0, C4<1>, C4<1>;
v0x564fa18fabc0_0 .net "S", 0 0, L_0x564fa191bfe0;  alias, 1 drivers
v0x564fa18fac80_0 .net "a", 0 0, L_0x564fa191b5e0;  alias, 1 drivers
v0x564fa18fad70_0 .net "b", 0 0, L_0x564fa191bea0;  alias, 1 drivers
v0x564fa18fae70_0 .net "cout", 0 0, L_0x564fa191c170;  alias, 1 drivers
S_0x564fa18fb600 .scope generate, "genblk1[16]" "genblk1[16]" 3 28, 3 28 0, S_0x564fa18d3bf0;
 .timescale 0 0;
P_0x564fa18fb800 .param/l "i" 0 3 28, +C4<010000>;
S_0x564fa18fb8e0 .scope module, "fi" "full_adder" 3 29, 3 9 0, S_0x564fa18fb600;
 .timescale 0 0;
    .port_info 0 /INPUT 1 "a";
    .port_info 1 /INPUT 1 "b";
    .port_info 2 /INPUT 1 "cin";
    .port_info 3 /OUTPUT 1 "S";
    .port_info 4 /OUTPUT 1 "cout";
L_0x564fa191ca10 .functor OR 1, L_0x564fa191c760, L_0x564fa191c980, C4<0>, C4<0>;
v0x564fa18fc7d0_0 .net "S", 0 0, L_0x564fa191c7f0;  1 drivers
v0x564fa18fc890_0 .net "a", 0 0, L_0x564fa191cb50;  1 drivers
v0x564fa18fc960_0 .net "b", 0 0, L_0x564fa191cc80;  1 drivers
v0x564fa18fca60_0 .net "cin", 0 0, L_0x564fa191c200;  alias, 1 drivers
v0x564fa18fcb50_0 .net "cout", 0 0, L_0x564fa191ca10;  alias, 1 drivers
v0x564fa18fcc40_0 .net "cout1", 0 0, L_0x564fa191c760;  1 drivers
v0x564fa18fcce0_0 .net "cout2", 0 0, L_0x564fa191c980;  1 drivers
v0x564fa18fcd80_0 .net "s1", 0 0, L_0x564fa191c6b0;  1 drivers
S_0x564fa18fbb40 .scope module, "h1" "half_adder" 3 13, 3 1 0, S_0x564fa18fb8e0;
 .timescale 0 0;
    .port_info 0 /INPUT 1 "a";
    .port_info 1 /INPUT 1 "b";
    .port_info 2 /OUTPUT 1 "S";
    .port_info 3 /OUTPUT 1 "cout";
L_0x564fa191c6b0 .functor XOR 1, L_0x564fa191cb50, L_0x564fa191cc80, C4<0>, C4<0>;
L_0x564fa191c760 .functor AND 1, L_0x564fa191cb50, L_0x564fa191cc80, C4<1>, C4<1>;
v0x564fa18fbde0_0 .net "S", 0 0, L_0x564fa191c6b0;  alias, 1 drivers
v0x564fa18fbec0_0 .net "a", 0 0, L_0x564fa191cb50;  alias, 1 drivers
v0x564fa18fbf80_0 .net "b", 0 0, L_0x564fa191cc80;  alias, 1 drivers
v0x564fa18fc050_0 .net "cout", 0 0, L_0x564fa191c760;  alias, 1 drivers
S_0x564fa18fc1c0 .scope module, "h2" "half_adder" 3 14, 3 1 0, S_0x564fa18fb8e0;
 .timescale 0 0;
    .port_info 0 /INPUT 1 "a";
    .port_info 1 /INPUT 1 "b";
    .port_info 2 /OUTPUT 1 "S";
    .port_info 3 /OUTPUT 1 "cout";
L_0x564fa191c7f0 .functor XOR 1, L_0x564fa191c200, L_0x564fa191c6b0, C4<0>, C4<0>;
L_0x564fa191c980 .functor AND 1, L_0x564fa191c200, L_0x564fa191c6b0, C4<1>, C4<1>;
v0x564fa18fc430_0 .net "S", 0 0, L_0x564fa191c7f0;  alias, 1 drivers
v0x564fa18fc4f0_0 .net "a", 0 0, L_0x564fa191c200;  alias, 1 drivers
v0x564fa18fc5e0_0 .net "b", 0 0, L_0x564fa191c6b0;  alias, 1 drivers
v0x564fa18fc6e0_0 .net "cout", 0 0, L_0x564fa191c980;  alias, 1 drivers
S_0x564fa18fce70 .scope generate, "genblk1[17]" "genblk1[17]" 3 28, 3 28 0, S_0x564fa18d3bf0;
 .timescale 0 0;
P_0x564fa18fd070 .param/l "i" 0 3 28, +C4<010001>;
S_0x564fa18fd150 .scope module, "fi" "full_adder" 3 29, 3 9 0, S_0x564fa18fce70;
 .timescale 0 0;
    .port_info 0 /INPUT 1 "a";
    .port_info 1 /INPUT 1 "b";
    .port_info 2 /INPUT 1 "cin";
    .port_info 3 /OUTPUT 1 "S";
    .port_info 4 /OUTPUT 1 "cout";
L_0x564fa191d230 .functor OR 1, L_0x564fa191cf80, L_0x564fa191d1a0, C4<0>, C4<0>;
v0x564fa18fe040_0 .net "S", 0 0, L_0x564fa191d010;  1 drivers
v0x564fa18fe100_0 .net "a", 0 0, L_0x564fa191d370;  1 drivers
v0x564fa18fe1d0_0 .net "b", 0 0, L_0x564fa191d4a0;  1 drivers
v0x564fa18fe2d0_0 .net "cin", 0 0, L_0x564fa191ca10;  alias, 1 drivers
v0x564fa18fe3c0_0 .net "cout", 0 0, L_0x564fa191d230;  alias, 1 drivers
v0x564fa18fe4b0_0 .net "cout1", 0 0, L_0x564fa191cf80;  1 drivers
v0x564fa18fe550_0 .net "cout2", 0 0, L_0x564fa191d1a0;  1 drivers
v0x564fa18fe5f0_0 .net "s1", 0 0, L_0x564fa191ced0;  1 drivers
S_0x564fa18fd3b0 .scope module, "h1" "half_adder" 3 13, 3 1 0, S_0x564fa18fd150;
 .timescale 0 0;
    .port_info 0 /INPUT 1 "a";
    .port_info 1 /INPUT 1 "b";
    .port_info 2 /OUTPUT 1 "S";
    .port_info 3 /OUTPUT 1 "cout";
L_0x564fa191ced0 .functor XOR 1, L_0x564fa191d370, L_0x564fa191d4a0, C4<0>, C4<0>;
L_0x564fa191cf80 .functor AND 1, L_0x564fa191d370, L_0x564fa191d4a0, C4<1>, C4<1>;
v0x564fa18fd650_0 .net "S", 0 0, L_0x564fa191ced0;  alias, 1 drivers
v0x564fa18fd730_0 .net "a", 0 0, L_0x564fa191d370;  alias, 1 drivers
v0x564fa18fd7f0_0 .net "b", 0 0, L_0x564fa191d4a0;  alias, 1 drivers
v0x564fa18fd8c0_0 .net "cout", 0 0, L_0x564fa191cf80;  alias, 1 drivers
S_0x564fa18fda30 .scope module, "h2" "half_adder" 3 14, 3 1 0, S_0x564fa18fd150;
 .timescale 0 0;
    .port_info 0 /INPUT 1 "a";
    .port_info 1 /INPUT 1 "b";
    .port_info 2 /OUTPUT 1 "S";
    .port_info 3 /OUTPUT 1 "cout";
L_0x564fa191d010 .functor XOR 1, L_0x564fa191ca10, L_0x564fa191ced0, C4<0>, C4<0>;
L_0x564fa191d1a0 .functor AND 1, L_0x564fa191ca10, L_0x564fa191ced0, C4<1>, C4<1>;
v0x564fa18fdca0_0 .net "S", 0 0, L_0x564fa191d010;  alias, 1 drivers
v0x564fa18fdd60_0 .net "a", 0 0, L_0x564fa191ca10;  alias, 1 drivers
v0x564fa18fde50_0 .net "b", 0 0, L_0x564fa191ced0;  alias, 1 drivers
v0x564fa18fdf50_0 .net "cout", 0 0, L_0x564fa191d1a0;  alias, 1 drivers
S_0x564fa18fe6e0 .scope generate, "genblk1[18]" "genblk1[18]" 3 28, 3 28 0, S_0x564fa18d3bf0;
 .timescale 0 0;
P_0x564fa18fe8e0 .param/l "i" 0 3 28, +C4<010010>;
S_0x564fa18fe9c0 .scope module, "fi" "full_adder" 3 29, 3 9 0, S_0x564fa18fe6e0;
 .timescale 0 0;
    .port_info 0 /INPUT 1 "a";
    .port_info 1 /INPUT 1 "b";
    .port_info 2 /INPUT 1 "cin";
    .port_info 3 /OUTPUT 1 "S";
    .port_info 4 /OUTPUT 1 "cout";
L_0x564fa191d940 .functor OR 1, L_0x564fa191ce60, L_0x564fa191d8b0, C4<0>, C4<0>;
v0x564fa18ff8b0_0 .net "S", 0 0, L_0x564fa191d720;  1 drivers
v0x564fa18ff970_0 .net "a", 0 0, L_0x564fa191da80;  1 drivers
v0x564fa18ffa40_0 .net "b", 0 0, L_0x564fa191dbb0;  1 drivers
v0x564fa18ffb40_0 .net "cin", 0 0, L_0x564fa191d230;  alias, 1 drivers
v0x564fa18ffc30_0 .net "cout", 0 0, L_0x564fa191d940;  alias, 1 drivers
v0x564fa18ffd20_0 .net "cout1", 0 0, L_0x564fa191ce60;  1 drivers
v0x564fa18ffdc0_0 .net "cout2", 0 0, L_0x564fa191d8b0;  1 drivers
v0x564fa18ffe60_0 .net "s1", 0 0, L_0x564fa191cdb0;  1 drivers
S_0x564fa18fec20 .scope module, "h1" "half_adder" 3 13, 3 1 0, S_0x564fa18fe9c0;
 .timescale 0 0;
    .port_info 0 /INPUT 1 "a";
    .port_info 1 /INPUT 1 "b";
    .port_info 2 /OUTPUT 1 "S";
    .port_info 3 /OUTPUT 1 "cout";
L_0x564fa191cdb0 .functor XOR 1, L_0x564fa191da80, L_0x564fa191dbb0, C4<0>, C4<0>;
L_0x564fa191ce60 .functor AND 1, L_0x564fa191da80, L_0x564fa191dbb0, C4<1>, C4<1>;
v0x564fa18feec0_0 .net "S", 0 0, L_0x564fa191cdb0;  alias, 1 drivers
v0x564fa18fefa0_0 .net "a", 0 0, L_0x564fa191da80;  alias, 1 drivers
v0x564fa18ff060_0 .net "b", 0 0, L_0x564fa191dbb0;  alias, 1 drivers
v0x564fa18ff130_0 .net "cout", 0 0, L_0x564fa191ce60;  alias, 1 drivers
S_0x564fa18ff2a0 .scope module, "h2" "half_adder" 3 14, 3 1 0, S_0x564fa18fe9c0;
 .timescale 0 0;
    .port_info 0 /INPUT 1 "a";
    .port_info 1 /INPUT 1 "b";
    .port_info 2 /OUTPUT 1 "S";
    .port_info 3 /OUTPUT 1 "cout";
L_0x564fa191d720 .functor XOR 1, L_0x564fa191d230, L_0x564fa191cdb0, C4<0>, C4<0>;
L_0x564fa191d8b0 .functor AND 1, L_0x564fa191d230, L_0x564fa191cdb0, C4<1>, C4<1>;
v0x564fa18ff510_0 .net "S", 0 0, L_0x564fa191d720;  alias, 1 drivers
v0x564fa18ff5d0_0 .net "a", 0 0, L_0x564fa191d230;  alias, 1 drivers
v0x564fa18ff6c0_0 .net "b", 0 0, L_0x564fa191cdb0;  alias, 1 drivers
v0x564fa18ff7c0_0 .net "cout", 0 0, L_0x564fa191d8b0;  alias, 1 drivers
S_0x564fa18fff50 .scope generate, "genblk1[19]" "genblk1[19]" 3 28, 3 28 0, S_0x564fa18d3bf0;
 .timescale 0 0;
P_0x564fa1900150 .param/l "i" 0 3 28, +C4<010011>;
S_0x564fa1900230 .scope module, "fi" "full_adder" 3 29, 3 9 0, S_0x564fa18fff50;
 .timescale 0 0;
    .port_info 0 /INPUT 1 "a";
    .port_info 1 /INPUT 1 "b";
    .port_info 2 /INPUT 1 "cin";
    .port_info 3 /OUTPUT 1 "S";
    .port_info 4 /OUTPUT 1 "cout";
L_0x564fa191e180 .functor OR 1, L_0x564fa191ded0, L_0x564fa191e0f0, C4<0>, C4<0>;
v0x564fa1901120_0 .net "S", 0 0, L_0x564fa191df60;  1 drivers
v0x564fa19011e0_0 .net "a", 0 0, L_0x564fa191e2c0;  1 drivers
v0x564fa19012b0_0 .net "b", 0 0, L_0x564fa191e3f0;  1 drivers
v0x564fa19013b0_0 .net "cin", 0 0, L_0x564fa191d940;  alias, 1 drivers
v0x564fa19014a0_0 .net "cout", 0 0, L_0x564fa191e180;  alias, 1 drivers
v0x564fa1901590_0 .net "cout1", 0 0, L_0x564fa191ded0;  1 drivers
v0x564fa1901630_0 .net "cout2", 0 0, L_0x564fa191e0f0;  1 drivers
v0x564fa19016d0_0 .net "s1", 0 0, L_0x564fa191de20;  1 drivers
S_0x564fa1900490 .scope module, "h1" "half_adder" 3 13, 3 1 0, S_0x564fa1900230;
 .timescale 0 0;
    .port_info 0 /INPUT 1 "a";
    .port_info 1 /INPUT 1 "b";
    .port_info 2 /OUTPUT 1 "S";
    .port_info 3 /OUTPUT 1 "cout";
L_0x564fa191de20 .functor XOR 1, L_0x564fa191e2c0, L_0x564fa191e3f0, C4<0>, C4<0>;
L_0x564fa191ded0 .functor AND 1, L_0x564fa191e2c0, L_0x564fa191e3f0, C4<1>, C4<1>;
v0x564fa1900730_0 .net "S", 0 0, L_0x564fa191de20;  alias, 1 drivers
v0x564fa1900810_0 .net "a", 0 0, L_0x564fa191e2c0;  alias, 1 drivers
v0x564fa19008d0_0 .net "b", 0 0, L_0x564fa191e3f0;  alias, 1 drivers
v0x564fa19009a0_0 .net "cout", 0 0, L_0x564fa191ded0;  alias, 1 drivers
S_0x564fa1900b10 .scope module, "h2" "half_adder" 3 14, 3 1 0, S_0x564fa1900230;
 .timescale 0 0;
    .port_info 0 /INPUT 1 "a";
    .port_info 1 /INPUT 1 "b";
    .port_info 2 /OUTPUT 1 "S";
    .port_info 3 /OUTPUT 1 "cout";
L_0x564fa191df60 .functor XOR 1, L_0x564fa191d940, L_0x564fa191de20, C4<0>, C4<0>;
L_0x564fa191e0f0 .functor AND 1, L_0x564fa191d940, L_0x564fa191de20, C4<1>, C4<1>;
v0x564fa1900d80_0 .net "S", 0 0, L_0x564fa191df60;  alias, 1 drivers
v0x564fa1900e40_0 .net "a", 0 0, L_0x564fa191d940;  alias, 1 drivers
v0x564fa1900f30_0 .net "b", 0 0, L_0x564fa191de20;  alias, 1 drivers
v0x564fa1901030_0 .net "cout", 0 0, L_0x564fa191e0f0;  alias, 1 drivers
S_0x564fa19017c0 .scope generate, "genblk1[20]" "genblk1[20]" 3 28, 3 28 0, S_0x564fa18d3bf0;
 .timescale 0 0;
P_0x564fa19019c0 .param/l "i" 0 3 28, +C4<010100>;
S_0x564fa1901aa0 .scope module, "fi" "full_adder" 3 29, 3 9 0, S_0x564fa19017c0;
 .timescale 0 0;
    .port_info 0 /INPUT 1 "a";
    .port_info 1 /INPUT 1 "b";
    .port_info 2 /INPUT 1 "cin";
    .port_info 3 /OUTPUT 1 "S";
    .port_info 4 /OUTPUT 1 "cout";
L_0x564fa191e9d0 .functor OR 1, L_0x564fa191e720, L_0x564fa191e940, C4<0>, C4<0>;
v0x564fa1902990_0 .net "S", 0 0, L_0x564fa191e7b0;  1 drivers
v0x564fa1902a50_0 .net "a", 0 0, L_0x564fa191eb10;  1 drivers
v0x564fa1902b20_0 .net "b", 0 0, L_0x564fa191ec40;  1 drivers
v0x564fa1902c20_0 .net "cin", 0 0, L_0x564fa191e180;  alias, 1 drivers
v0x564fa1902d10_0 .net "cout", 0 0, L_0x564fa191e9d0;  alias, 1 drivers
v0x564fa1902e00_0 .net "cout1", 0 0, L_0x564fa191e720;  1 drivers
v0x564fa1902ea0_0 .net "cout2", 0 0, L_0x564fa191e940;  1 drivers
v0x564fa1902f40_0 .net "s1", 0 0, L_0x564fa191e670;  1 drivers
S_0x564fa1901d00 .scope module, "h1" "half_adder" 3 13, 3 1 0, S_0x564fa1901aa0;
 .timescale 0 0;
    .port_info 0 /INPUT 1 "a";
    .port_info 1 /INPUT 1 "b";
    .port_info 2 /OUTPUT 1 "S";
    .port_info 3 /OUTPUT 1 "cout";
L_0x564fa191e670 .functor XOR 1, L_0x564fa191eb10, L_0x564fa191ec40, C4<0>, C4<0>;
L_0x564fa191e720 .functor AND 1, L_0x564fa191eb10, L_0x564fa191ec40, C4<1>, C4<1>;
v0x564fa1901fa0_0 .net "S", 0 0, L_0x564fa191e670;  alias, 1 drivers
v0x564fa1902080_0 .net "a", 0 0, L_0x564fa191eb10;  alias, 1 drivers
v0x564fa1902140_0 .net "b", 0 0, L_0x564fa191ec40;  alias, 1 drivers
v0x564fa1902210_0 .net "cout", 0 0, L_0x564fa191e720;  alias, 1 drivers
S_0x564fa1902380 .scope module, "h2" "half_adder" 3 14, 3 1 0, S_0x564fa1901aa0;
 .timescale 0 0;
    .port_info 0 /INPUT 1 "a";
    .port_info 1 /INPUT 1 "b";
    .port_info 2 /OUTPUT 1 "S";
    .port_info 3 /OUTPUT 1 "cout";
L_0x564fa191e7b0 .functor XOR 1, L_0x564fa191e180, L_0x564fa191e670, C4<0>, C4<0>;
L_0x564fa191e940 .functor AND 1, L_0x564fa191e180, L_0x564fa191e670, C4<1>, C4<1>;
v0x564fa19025f0_0 .net "S", 0 0, L_0x564fa191e7b0;  alias, 1 drivers
v0x564fa19026b0_0 .net "a", 0 0, L_0x564fa191e180;  alias, 1 drivers
v0x564fa19027a0_0 .net "b", 0 0, L_0x564fa191e670;  alias, 1 drivers
v0x564fa19028a0_0 .net "cout", 0 0, L_0x564fa191e940;  alias, 1 drivers
S_0x564fa1903030 .scope generate, "genblk1[21]" "genblk1[21]" 3 28, 3 28 0, S_0x564fa18d3bf0;
 .timescale 0 0;
P_0x564fa1903230 .param/l "i" 0 3 28, +C4<010101>;
S_0x564fa1903310 .scope module, "fi" "full_adder" 3 29, 3 9 0, S_0x564fa1903030;
 .timescale 0 0;
    .port_info 0 /INPUT 1 "a";
    .port_info 1 /INPUT 1 "b";
    .port_info 2 /INPUT 1 "cin";
    .port_info 3 /OUTPUT 1 "S";
    .port_info 4 /OUTPUT 1 "cout";
L_0x564fa191f230 .functor OR 1, L_0x564fa191ef80, L_0x564fa191f1a0, C4<0>, C4<0>;
v0x564fa1904200_0 .net "S", 0 0, L_0x564fa191f010;  1 drivers
v0x564fa19042c0_0 .net "a", 0 0, L_0x564fa191f370;  1 drivers
v0x564fa1904390_0 .net "b", 0 0, L_0x564fa191f4a0;  1 drivers
v0x564fa1904490_0 .net "cin", 0 0, L_0x564fa191e9d0;  alias, 1 drivers
v0x564fa1904580_0 .net "cout", 0 0, L_0x564fa191f230;  alias, 1 drivers
v0x564fa1904670_0 .net "cout1", 0 0, L_0x564fa191ef80;  1 drivers
v0x564fa1904710_0 .net "cout2", 0 0, L_0x564fa191f1a0;  1 drivers
v0x564fa19047b0_0 .net "s1", 0 0, L_0x564fa191eed0;  1 drivers
S_0x564fa1903570 .scope module, "h1" "half_adder" 3 13, 3 1 0, S_0x564fa1903310;
 .timescale 0 0;
    .port_info 0 /INPUT 1 "a";
    .port_info 1 /INPUT 1 "b";
    .port_info 2 /OUTPUT 1 "S";
    .port_info 3 /OUTPUT 1 "cout";
L_0x564fa191eed0 .functor XOR 1, L_0x564fa191f370, L_0x564fa191f4a0, C4<0>, C4<0>;
L_0x564fa191ef80 .functor AND 1, L_0x564fa191f370, L_0x564fa191f4a0, C4<1>, C4<1>;
v0x564fa1903810_0 .net "S", 0 0, L_0x564fa191eed0;  alias, 1 drivers
v0x564fa19038f0_0 .net "a", 0 0, L_0x564fa191f370;  alias, 1 drivers
v0x564fa19039b0_0 .net "b", 0 0, L_0x564fa191f4a0;  alias, 1 drivers
v0x564fa1903a80_0 .net "cout", 0 0, L_0x564fa191ef80;  alias, 1 drivers
S_0x564fa1903bf0 .scope module, "h2" "half_adder" 3 14, 3 1 0, S_0x564fa1903310;
 .timescale 0 0;
    .port_info 0 /INPUT 1 "a";
    .port_info 1 /INPUT 1 "b";
    .port_info 2 /OUTPUT 1 "S";
    .port_info 3 /OUTPUT 1 "cout";
L_0x564fa191f010 .functor XOR 1, L_0x564fa191e9d0, L_0x564fa191eed0, C4<0>, C4<0>;
L_0x564fa191f1a0 .functor AND 1, L_0x564fa191e9d0, L_0x564fa191eed0, C4<1>, C4<1>;
v0x564fa1903e60_0 .net "S", 0 0, L_0x564fa191f010;  alias, 1 drivers
v0x564fa1903f20_0 .net "a", 0 0, L_0x564fa191e9d0;  alias, 1 drivers
v0x564fa1904010_0 .net "b", 0 0, L_0x564fa191eed0;  alias, 1 drivers
v0x564fa1904110_0 .net "cout", 0 0, L_0x564fa191f1a0;  alias, 1 drivers
S_0x564fa19048a0 .scope generate, "genblk1[22]" "genblk1[22]" 3 28, 3 28 0, S_0x564fa18d3bf0;
 .timescale 0 0;
P_0x564fa1904aa0 .param/l "i" 0 3 28, +C4<010110>;
S_0x564fa1904b80 .scope module, "fi" "full_adder" 3 29, 3 9 0, S_0x564fa19048a0;
 .timescale 0 0;
    .port_info 0 /INPUT 1 "a";
    .port_info 1 /INPUT 1 "b";
    .port_info 2 /INPUT 1 "cin";
    .port_info 3 /OUTPUT 1 "S";
    .port_info 4 /OUTPUT 1 "cout";
L_0x564fa191faa0 .functor OR 1, L_0x564fa191f7f0, L_0x564fa191fa10, C4<0>, C4<0>;
v0x564fa1905a70_0 .net "S", 0 0, L_0x564fa191f880;  1 drivers
v0x564fa1905b30_0 .net "a", 0 0, L_0x564fa191fbe0;  1 drivers
v0x564fa1905c00_0 .net "b", 0 0, L_0x564fa191fd10;  1 drivers
v0x564fa1905d00_0 .net "cin", 0 0, L_0x564fa191f230;  alias, 1 drivers
v0x564fa1905df0_0 .net "cout", 0 0, L_0x564fa191faa0;  alias, 1 drivers
v0x564fa1905ee0_0 .net "cout1", 0 0, L_0x564fa191f7f0;  1 drivers
v0x564fa1905f80_0 .net "cout2", 0 0, L_0x564fa191fa10;  1 drivers
v0x564fa1906020_0 .net "s1", 0 0, L_0x564fa191f740;  1 drivers
S_0x564fa1904de0 .scope module, "h1" "half_adder" 3 13, 3 1 0, S_0x564fa1904b80;
 .timescale 0 0;
    .port_info 0 /INPUT 1 "a";
    .port_info 1 /INPUT 1 "b";
    .port_info 2 /OUTPUT 1 "S";
    .port_info 3 /OUTPUT 1 "cout";
L_0x564fa191f740 .functor XOR 1, L_0x564fa191fbe0, L_0x564fa191fd10, C4<0>, C4<0>;
L_0x564fa191f7f0 .functor AND 1, L_0x564fa191fbe0, L_0x564fa191fd10, C4<1>, C4<1>;
v0x564fa1905080_0 .net "S", 0 0, L_0x564fa191f740;  alias, 1 drivers
v0x564fa1905160_0 .net "a", 0 0, L_0x564fa191fbe0;  alias, 1 drivers
v0x564fa1905220_0 .net "b", 0 0, L_0x564fa191fd10;  alias, 1 drivers
v0x564fa19052f0_0 .net "cout", 0 0, L_0x564fa191f7f0;  alias, 1 drivers
S_0x564fa1905460 .scope module, "h2" "half_adder" 3 14, 3 1 0, S_0x564fa1904b80;
 .timescale 0 0;
    .port_info 0 /INPUT 1 "a";
    .port_info 1 /INPUT 1 "b";
    .port_info 2 /OUTPUT 1 "S";
    .port_info 3 /OUTPUT 1 "cout";
L_0x564fa191f880 .functor XOR 1, L_0x564fa191f230, L_0x564fa191f740, C4<0>, C4<0>;
L_0x564fa191fa10 .functor AND 1, L_0x564fa191f230, L_0x564fa191f740, C4<1>, C4<1>;
v0x564fa19056d0_0 .net "S", 0 0, L_0x564fa191f880;  alias, 1 drivers
v0x564fa1905790_0 .net "a", 0 0, L_0x564fa191f230;  alias, 1 drivers
v0x564fa1905880_0 .net "b", 0 0, L_0x564fa191f740;  alias, 1 drivers
v0x564fa1905980_0 .net "cout", 0 0, L_0x564fa191fa10;  alias, 1 drivers
S_0x564fa1906110 .scope generate, "genblk1[23]" "genblk1[23]" 3 28, 3 28 0, S_0x564fa18d3bf0;
 .timescale 0 0;
P_0x564fa1906310 .param/l "i" 0 3 28, +C4<010111>;
S_0x564fa19063f0 .scope module, "fi" "full_adder" 3 29, 3 9 0, S_0x564fa1906110;
 .timescale 0 0;
    .port_info 0 /INPUT 1 "a";
    .port_info 1 /INPUT 1 "b";
    .port_info 2 /INPUT 1 "cin";
    .port_info 3 /OUTPUT 1 "S";
    .port_info 4 /OUTPUT 1 "cout";
L_0x564fa1920320 .functor OR 1, L_0x564fa1920070, L_0x564fa1920290, C4<0>, C4<0>;
v0x564fa19072e0_0 .net "S", 0 0, L_0x564fa1920100;  1 drivers
v0x564fa19073a0_0 .net "a", 0 0, L_0x564fa1920460;  1 drivers
v0x564fa1907470_0 .net "b", 0 0, L_0x564fa1920590;  1 drivers
v0x564fa1907570_0 .net "cin", 0 0, L_0x564fa191faa0;  alias, 1 drivers
v0x564fa1907660_0 .net "cout", 0 0, L_0x564fa1920320;  alias, 1 drivers
v0x564fa1907750_0 .net "cout1", 0 0, L_0x564fa1920070;  1 drivers
v0x564fa19077f0_0 .net "cout2", 0 0, L_0x564fa1920290;  1 drivers
v0x564fa1907890_0 .net "s1", 0 0, L_0x564fa191ffc0;  1 drivers
S_0x564fa1906650 .scope module, "h1" "half_adder" 3 13, 3 1 0, S_0x564fa19063f0;
 .timescale 0 0;
    .port_info 0 /INPUT 1 "a";
    .port_info 1 /INPUT 1 "b";
    .port_info 2 /OUTPUT 1 "S";
    .port_info 3 /OUTPUT 1 "cout";
L_0x564fa191ffc0 .functor XOR 1, L_0x564fa1920460, L_0x564fa1920590, C4<0>, C4<0>;
L_0x564fa1920070 .functor AND 1, L_0x564fa1920460, L_0x564fa1920590, C4<1>, C4<1>;
v0x564fa19068f0_0 .net "S", 0 0, L_0x564fa191ffc0;  alias, 1 drivers
v0x564fa19069d0_0 .net "a", 0 0, L_0x564fa1920460;  alias, 1 drivers
v0x564fa1906a90_0 .net "b", 0 0, L_0x564fa1920590;  alias, 1 drivers
v0x564fa1906b60_0 .net "cout", 0 0, L_0x564fa1920070;  alias, 1 drivers
S_0x564fa1906cd0 .scope module, "h2" "half_adder" 3 14, 3 1 0, S_0x564fa19063f0;
 .timescale 0 0;
    .port_info 0 /INPUT 1 "a";
    .port_info 1 /INPUT 1 "b";
    .port_info 2 /OUTPUT 1 "S";
    .port_info 3 /OUTPUT 1 "cout";
L_0x564fa1920100 .functor XOR 1, L_0x564fa191faa0, L_0x564fa191ffc0, C4<0>, C4<0>;
L_0x564fa1920290 .functor AND 1, L_0x564fa191faa0, L_0x564fa191ffc0, C4<1>, C4<1>;
v0x564fa1906f40_0 .net "S", 0 0, L_0x564fa1920100;  alias, 1 drivers
v0x564fa1907000_0 .net "a", 0 0, L_0x564fa191faa0;  alias, 1 drivers
v0x564fa19070f0_0 .net "b", 0 0, L_0x564fa191ffc0;  alias, 1 drivers
v0x564fa19071f0_0 .net "cout", 0 0, L_0x564fa1920290;  alias, 1 drivers
S_0x564fa1907980 .scope generate, "genblk1[24]" "genblk1[24]" 3 28, 3 28 0, S_0x564fa18d3bf0;
 .timescale 0 0;
P_0x564fa1907b80 .param/l "i" 0 3 28, +C4<011000>;
S_0x564fa1907c60 .scope module, "fi" "full_adder" 3 29, 3 9 0, S_0x564fa1907980;
 .timescale 0 0;
    .port_info 0 /INPUT 1 "a";
    .port_info 1 /INPUT 1 "b";
    .port_info 2 /INPUT 1 "cin";
    .port_info 3 /OUTPUT 1 "S";
    .port_info 4 /OUTPUT 1 "cout";
L_0x564fa1920bb0 .functor OR 1, L_0x564fa1920900, L_0x564fa1920b20, C4<0>, C4<0>;
v0x564fa1908b50_0 .net "S", 0 0, L_0x564fa1920990;  1 drivers
v0x564fa1908c10_0 .net "a", 0 0, L_0x564fa1920cf0;  1 drivers
v0x564fa1908ce0_0 .net "b", 0 0, L_0x564fa1920e20;  1 drivers
v0x564fa1908de0_0 .net "cin", 0 0, L_0x564fa1920320;  alias, 1 drivers
v0x564fa1908ed0_0 .net "cout", 0 0, L_0x564fa1920bb0;  alias, 1 drivers
v0x564fa1908fc0_0 .net "cout1", 0 0, L_0x564fa1920900;  1 drivers
v0x564fa1909060_0 .net "cout2", 0 0, L_0x564fa1920b20;  1 drivers
v0x564fa1909100_0 .net "s1", 0 0, L_0x564fa1920850;  1 drivers
S_0x564fa1907ec0 .scope module, "h1" "half_adder" 3 13, 3 1 0, S_0x564fa1907c60;
 .timescale 0 0;
    .port_info 0 /INPUT 1 "a";
    .port_info 1 /INPUT 1 "b";
    .port_info 2 /OUTPUT 1 "S";
    .port_info 3 /OUTPUT 1 "cout";
L_0x564fa1920850 .functor XOR 1, L_0x564fa1920cf0, L_0x564fa1920e20, C4<0>, C4<0>;
L_0x564fa1920900 .functor AND 1, L_0x564fa1920cf0, L_0x564fa1920e20, C4<1>, C4<1>;
v0x564fa1908160_0 .net "S", 0 0, L_0x564fa1920850;  alias, 1 drivers
v0x564fa1908240_0 .net "a", 0 0, L_0x564fa1920cf0;  alias, 1 drivers
v0x564fa1908300_0 .net "b", 0 0, L_0x564fa1920e20;  alias, 1 drivers
v0x564fa19083d0_0 .net "cout", 0 0, L_0x564fa1920900;  alias, 1 drivers
S_0x564fa1908540 .scope module, "h2" "half_adder" 3 14, 3 1 0, S_0x564fa1907c60;
 .timescale 0 0;
    .port_info 0 /INPUT 1 "a";
    .port_info 1 /INPUT 1 "b";
    .port_info 2 /OUTPUT 1 "S";
    .port_info 3 /OUTPUT 1 "cout";
L_0x564fa1920990 .functor XOR 1, L_0x564fa1920320, L_0x564fa1920850, C4<0>, C4<0>;
L_0x564fa1920b20 .functor AND 1, L_0x564fa1920320, L_0x564fa1920850, C4<1>, C4<1>;
v0x564fa19087b0_0 .net "S", 0 0, L_0x564fa1920990;  alias, 1 drivers
v0x564fa1908870_0 .net "a", 0 0, L_0x564fa1920320;  alias, 1 drivers
v0x564fa1908960_0 .net "b", 0 0, L_0x564fa1920850;  alias, 1 drivers
v0x564fa1908a60_0 .net "cout", 0 0, L_0x564fa1920b20;  alias, 1 drivers
S_0x564fa19091f0 .scope generate, "genblk1[25]" "genblk1[25]" 3 28, 3 28 0, S_0x564fa18d3bf0;
 .timescale 0 0;
P_0x564fa19093f0 .param/l "i" 0 3 28, +C4<011001>;
S_0x564fa19094d0 .scope module, "fi" "full_adder" 3 29, 3 9 0, S_0x564fa19091f0;
 .timescale 0 0;
    .port_info 0 /INPUT 1 "a";
    .port_info 1 /INPUT 1 "b";
    .port_info 2 /INPUT 1 "cin";
    .port_info 3 /OUTPUT 1 "S";
    .port_info 4 /OUTPUT 1 "cout";
L_0x564fa1921450 .functor OR 1, L_0x564fa19211a0, L_0x564fa19213c0, C4<0>, C4<0>;
v0x564fa190a3c0_0 .net "S", 0 0, L_0x564fa1921230;  1 drivers
v0x564fa190a480_0 .net "a", 0 0, L_0x564fa1921590;  1 drivers
v0x564fa190a550_0 .net "b", 0 0, L_0x564fa19216c0;  1 drivers
v0x564fa190a650_0 .net "cin", 0 0, L_0x564fa1920bb0;  alias, 1 drivers
v0x564fa190a740_0 .net "cout", 0 0, L_0x564fa1921450;  alias, 1 drivers
v0x564fa190a830_0 .net "cout1", 0 0, L_0x564fa19211a0;  1 drivers
v0x564fa190a8d0_0 .net "cout2", 0 0, L_0x564fa19213c0;  1 drivers
v0x564fa190a970_0 .net "s1", 0 0, L_0x564fa19210f0;  1 drivers
S_0x564fa1909730 .scope module, "h1" "half_adder" 3 13, 3 1 0, S_0x564fa19094d0;
 .timescale 0 0;
    .port_info 0 /INPUT 1 "a";
    .port_info 1 /INPUT 1 "b";
    .port_info 2 /OUTPUT 1 "S";
    .port_info 3 /OUTPUT 1 "cout";
L_0x564fa19210f0 .functor XOR 1, L_0x564fa1921590, L_0x564fa19216c0, C4<0>, C4<0>;
L_0x564fa19211a0 .functor AND 1, L_0x564fa1921590, L_0x564fa19216c0, C4<1>, C4<1>;
v0x564fa19099d0_0 .net "S", 0 0, L_0x564fa19210f0;  alias, 1 drivers
v0x564fa1909ab0_0 .net "a", 0 0, L_0x564fa1921590;  alias, 1 drivers
v0x564fa1909b70_0 .net "b", 0 0, L_0x564fa19216c0;  alias, 1 drivers
v0x564fa1909c40_0 .net "cout", 0 0, L_0x564fa19211a0;  alias, 1 drivers
S_0x564fa1909db0 .scope module, "h2" "half_adder" 3 14, 3 1 0, S_0x564fa19094d0;
 .timescale 0 0;
    .port_info 0 /INPUT 1 "a";
    .port_info 1 /INPUT 1 "b";
    .port_info 2 /OUTPUT 1 "S";
    .port_info 3 /OUTPUT 1 "cout";
L_0x564fa1921230 .functor XOR 1, L_0x564fa1920bb0, L_0x564fa19210f0, C4<0>, C4<0>;
L_0x564fa19213c0 .functor AND 1, L_0x564fa1920bb0, L_0x564fa19210f0, C4<1>, C4<1>;
v0x564fa190a020_0 .net "S", 0 0, L_0x564fa1921230;  alias, 1 drivers
v0x564fa190a0e0_0 .net "a", 0 0, L_0x564fa1920bb0;  alias, 1 drivers
v0x564fa190a1d0_0 .net "b", 0 0, L_0x564fa19210f0;  alias, 1 drivers
v0x564fa190a2d0_0 .net "cout", 0 0, L_0x564fa19213c0;  alias, 1 drivers
S_0x564fa190aa60 .scope generate, "genblk1[26]" "genblk1[26]" 3 28, 3 28 0, S_0x564fa18d3bf0;
 .timescale 0 0;
P_0x564fa190ac60 .param/l "i" 0 3 28, +C4<011010>;
S_0x564fa190ad40 .scope module, "fi" "full_adder" 3 29, 3 9 0, S_0x564fa190aa60;
 .timescale 0 0;
    .port_info 0 /INPUT 1 "a";
    .port_info 1 /INPUT 1 "b";
    .port_info 2 /INPUT 1 "cin";
    .port_info 3 /OUTPUT 1 "S";
    .port_info 4 /OUTPUT 1 "cout";
L_0x564fa1921d00 .functor OR 1, L_0x564fa1921a50, L_0x564fa1921c70, C4<0>, C4<0>;
v0x564fa190bc30_0 .net "S", 0 0, L_0x564fa1921ae0;  1 drivers
v0x564fa190bcf0_0 .net "a", 0 0, L_0x564fa1921e40;  1 drivers
v0x564fa190bdc0_0 .net "b", 0 0, L_0x564fa1921f70;  1 drivers
v0x564fa190bec0_0 .net "cin", 0 0, L_0x564fa1921450;  alias, 1 drivers
v0x564fa190bfb0_0 .net "cout", 0 0, L_0x564fa1921d00;  alias, 1 drivers
v0x564fa190c0a0_0 .net "cout1", 0 0, L_0x564fa1921a50;  1 drivers
v0x564fa190c140_0 .net "cout2", 0 0, L_0x564fa1921c70;  1 drivers
v0x564fa190c1e0_0 .net "s1", 0 0, L_0x564fa19219a0;  1 drivers
S_0x564fa190afa0 .scope module, "h1" "half_adder" 3 13, 3 1 0, S_0x564fa190ad40;
 .timescale 0 0;
    .port_info 0 /INPUT 1 "a";
    .port_info 1 /INPUT 1 "b";
    .port_info 2 /OUTPUT 1 "S";
    .port_info 3 /OUTPUT 1 "cout";
L_0x564fa19219a0 .functor XOR 1, L_0x564fa1921e40, L_0x564fa1921f70, C4<0>, C4<0>;
L_0x564fa1921a50 .functor AND 1, L_0x564fa1921e40, L_0x564fa1921f70, C4<1>, C4<1>;
v0x564fa190b240_0 .net "S", 0 0, L_0x564fa19219a0;  alias, 1 drivers
v0x564fa190b320_0 .net "a", 0 0, L_0x564fa1921e40;  alias, 1 drivers
v0x564fa190b3e0_0 .net "b", 0 0, L_0x564fa1921f70;  alias, 1 drivers
v0x564fa190b4b0_0 .net "cout", 0 0, L_0x564fa1921a50;  alias, 1 drivers
S_0x564fa190b620 .scope module, "h2" "half_adder" 3 14, 3 1 0, S_0x564fa190ad40;
 .timescale 0 0;
    .port_info 0 /INPUT 1 "a";
    .port_info 1 /INPUT 1 "b";
    .port_info 2 /OUTPUT 1 "S";
    .port_info 3 /OUTPUT 1 "cout";
L_0x564fa1921ae0 .functor XOR 1, L_0x564fa1921450, L_0x564fa19219a0, C4<0>, C4<0>;
L_0x564fa1921c70 .functor AND 1, L_0x564fa1921450, L_0x564fa19219a0, C4<1>, C4<1>;
v0x564fa190b890_0 .net "S", 0 0, L_0x564fa1921ae0;  alias, 1 drivers
v0x564fa190b950_0 .net "a", 0 0, L_0x564fa1921450;  alias, 1 drivers
v0x564fa190ba40_0 .net "b", 0 0, L_0x564fa19219a0;  alias, 1 drivers
v0x564fa190bb40_0 .net "cout", 0 0, L_0x564fa1921c70;  alias, 1 drivers
S_0x564fa190c2d0 .scope generate, "genblk1[27]" "genblk1[27]" 3 28, 3 28 0, S_0x564fa18d3bf0;
 .timescale 0 0;
P_0x564fa190c4d0 .param/l "i" 0 3 28, +C4<011011>;
S_0x564fa190c5b0 .scope module, "fi" "full_adder" 3 29, 3 9 0, S_0x564fa190c2d0;
 .timescale 0 0;
    .port_info 0 /INPUT 1 "a";
    .port_info 1 /INPUT 1 "b";
    .port_info 2 /INPUT 1 "cin";
    .port_info 3 /OUTPUT 1 "S";
    .port_info 4 /OUTPUT 1 "cout";
L_0x564fa19225c0 .functor OR 1, L_0x564fa1922310, L_0x564fa1922530, C4<0>, C4<0>;
v0x564fa190d4a0_0 .net "S", 0 0, L_0x564fa19223a0;  1 drivers
v0x564fa190d560_0 .net "a", 0 0, L_0x564fa1922700;  1 drivers
v0x564fa190d630_0 .net "b", 0 0, L_0x564fa1922830;  1 drivers
v0x564fa190d730_0 .net "cin", 0 0, L_0x564fa1921d00;  alias, 1 drivers
v0x564fa190d820_0 .net "cout", 0 0, L_0x564fa19225c0;  alias, 1 drivers
v0x564fa190d910_0 .net "cout1", 0 0, L_0x564fa1922310;  1 drivers
v0x564fa190d9b0_0 .net "cout2", 0 0, L_0x564fa1922530;  1 drivers
v0x564fa190da50_0 .net "s1", 0 0, L_0x564fa1922260;  1 drivers
S_0x564fa190c810 .scope module, "h1" "half_adder" 3 13, 3 1 0, S_0x564fa190c5b0;
 .timescale 0 0;
    .port_info 0 /INPUT 1 "a";
    .port_info 1 /INPUT 1 "b";
    .port_info 2 /OUTPUT 1 "S";
    .port_info 3 /OUTPUT 1 "cout";
L_0x564fa1922260 .functor XOR 1, L_0x564fa1922700, L_0x564fa1922830, C4<0>, C4<0>;
L_0x564fa1922310 .functor AND 1, L_0x564fa1922700, L_0x564fa1922830, C4<1>, C4<1>;
v0x564fa190cab0_0 .net "S", 0 0, L_0x564fa1922260;  alias, 1 drivers
v0x564fa190cb90_0 .net "a", 0 0, L_0x564fa1922700;  alias, 1 drivers
v0x564fa190cc50_0 .net "b", 0 0, L_0x564fa1922830;  alias, 1 drivers
v0x564fa190cd20_0 .net "cout", 0 0, L_0x564fa1922310;  alias, 1 drivers
S_0x564fa190ce90 .scope module, "h2" "half_adder" 3 14, 3 1 0, S_0x564fa190c5b0;
 .timescale 0 0;
    .port_info 0 /INPUT 1 "a";
    .port_info 1 /INPUT 1 "b";
    .port_info 2 /OUTPUT 1 "S";
    .port_info 3 /OUTPUT 1 "cout";
L_0x564fa19223a0 .functor XOR 1, L_0x564fa1921d00, L_0x564fa1922260, C4<0>, C4<0>;
L_0x564fa1922530 .functor AND 1, L_0x564fa1921d00, L_0x564fa1922260, C4<1>, C4<1>;
v0x564fa190d100_0 .net "S", 0 0, L_0x564fa19223a0;  alias, 1 drivers
v0x564fa190d1c0_0 .net "a", 0 0, L_0x564fa1921d00;  alias, 1 drivers
v0x564fa190d2b0_0 .net "b", 0 0, L_0x564fa1922260;  alias, 1 drivers
v0x564fa190d3b0_0 .net "cout", 0 0, L_0x564fa1922530;  alias, 1 drivers
S_0x564fa190db40 .scope generate, "genblk1[28]" "genblk1[28]" 3 28, 3 28 0, S_0x564fa18d3bf0;
 .timescale 0 0;
P_0x564fa190dd40 .param/l "i" 0 3 28, +C4<011100>;
S_0x564fa190de20 .scope module, "fi" "full_adder" 3 29, 3 9 0, S_0x564fa190db40;
 .timescale 0 0;
    .port_info 0 /INPUT 1 "a";
    .port_info 1 /INPUT 1 "b";
    .port_info 2 /INPUT 1 "cin";
    .port_info 3 /OUTPUT 1 "S";
    .port_info 4 /OUTPUT 1 "cout";
L_0x564fa1922e90 .functor OR 1, L_0x564fa1922be0, L_0x564fa1922e00, C4<0>, C4<0>;
v0x564fa190ed10_0 .net "S", 0 0, L_0x564fa1922c70;  1 drivers
v0x564fa190edd0_0 .net "a", 0 0, L_0x564fa1922fd0;  1 drivers
v0x564fa190eea0_0 .net "b", 0 0, L_0x564fa1923100;  1 drivers
v0x564fa190efa0_0 .net "cin", 0 0, L_0x564fa19225c0;  alias, 1 drivers
v0x564fa190f090_0 .net "cout", 0 0, L_0x564fa1922e90;  alias, 1 drivers
v0x564fa190f180_0 .net "cout1", 0 0, L_0x564fa1922be0;  1 drivers
v0x564fa190f220_0 .net "cout2", 0 0, L_0x564fa1922e00;  1 drivers
v0x564fa190f2c0_0 .net "s1", 0 0, L_0x564fa1922b30;  1 drivers
S_0x564fa190e080 .scope module, "h1" "half_adder" 3 13, 3 1 0, S_0x564fa190de20;
 .timescale 0 0;
    .port_info 0 /INPUT 1 "a";
    .port_info 1 /INPUT 1 "b";
    .port_info 2 /OUTPUT 1 "S";
    .port_info 3 /OUTPUT 1 "cout";
L_0x564fa1922b30 .functor XOR 1, L_0x564fa1922fd0, L_0x564fa1923100, C4<0>, C4<0>;
L_0x564fa1922be0 .functor AND 1, L_0x564fa1922fd0, L_0x564fa1923100, C4<1>, C4<1>;
v0x564fa190e320_0 .net "S", 0 0, L_0x564fa1922b30;  alias, 1 drivers
v0x564fa190e400_0 .net "a", 0 0, L_0x564fa1922fd0;  alias, 1 drivers
v0x564fa190e4c0_0 .net "b", 0 0, L_0x564fa1923100;  alias, 1 drivers
v0x564fa190e590_0 .net "cout", 0 0, L_0x564fa1922be0;  alias, 1 drivers
S_0x564fa190e700 .scope module, "h2" "half_adder" 3 14, 3 1 0, S_0x564fa190de20;
 .timescale 0 0;
    .port_info 0 /INPUT 1 "a";
    .port_info 1 /INPUT 1 "b";
    .port_info 2 /OUTPUT 1 "S";
    .port_info 3 /OUTPUT 1 "cout";
L_0x564fa1922c70 .functor XOR 1, L_0x564fa19225c0, L_0x564fa1922b30, C4<0>, C4<0>;
L_0x564fa1922e00 .functor AND 1, L_0x564fa19225c0, L_0x564fa1922b30, C4<1>, C4<1>;
v0x564fa190e970_0 .net "S", 0 0, L_0x564fa1922c70;  alias, 1 drivers
v0x564fa190ea30_0 .net "a", 0 0, L_0x564fa19225c0;  alias, 1 drivers
v0x564fa190eb20_0 .net "b", 0 0, L_0x564fa1922b30;  alias, 1 drivers
v0x564fa190ec20_0 .net "cout", 0 0, L_0x564fa1922e00;  alias, 1 drivers
S_0x564fa190f3b0 .scope generate, "genblk1[29]" "genblk1[29]" 3 28, 3 28 0, S_0x564fa18d3bf0;
 .timescale 0 0;
P_0x564fa190f5b0 .param/l "i" 0 3 28, +C4<011101>;
S_0x564fa190f690 .scope module, "fi" "full_adder" 3 29, 3 9 0, S_0x564fa190f3b0;
 .timescale 0 0;
    .port_info 0 /INPUT 1 "a";
    .port_info 1 /INPUT 1 "b";
    .port_info 2 /INPUT 1 "cin";
    .port_info 3 /OUTPUT 1 "S";
    .port_info 4 /OUTPUT 1 "cout";
L_0x564fa1923770 .functor OR 1, L_0x564fa19234c0, L_0x564fa19236e0, C4<0>, C4<0>;
v0x564fa1910580_0 .net "S", 0 0, L_0x564fa1923550;  1 drivers
v0x564fa1910640_0 .net "a", 0 0, L_0x564fa19238b0;  1 drivers
v0x564fa1910710_0 .net "b", 0 0, L_0x564fa19239e0;  1 drivers
v0x564fa1910810_0 .net "cin", 0 0, L_0x564fa1922e90;  alias, 1 drivers
v0x564fa1910900_0 .net "cout", 0 0, L_0x564fa1923770;  alias, 1 drivers
v0x564fa19109f0_0 .net "cout1", 0 0, L_0x564fa19234c0;  1 drivers
v0x564fa1910a90_0 .net "cout2", 0 0, L_0x564fa19236e0;  1 drivers
v0x564fa1910b30_0 .net "s1", 0 0, L_0x564fa1923410;  1 drivers
S_0x564fa190f8f0 .scope module, "h1" "half_adder" 3 13, 3 1 0, S_0x564fa190f690;
 .timescale 0 0;
    .port_info 0 /INPUT 1 "a";
    .port_info 1 /INPUT 1 "b";
    .port_info 2 /OUTPUT 1 "S";
    .port_info 3 /OUTPUT 1 "cout";
L_0x564fa1923410 .functor XOR 1, L_0x564fa19238b0, L_0x564fa19239e0, C4<0>, C4<0>;
L_0x564fa19234c0 .functor AND 1, L_0x564fa19238b0, L_0x564fa19239e0, C4<1>, C4<1>;
v0x564fa190fb90_0 .net "S", 0 0, L_0x564fa1923410;  alias, 1 drivers
v0x564fa190fc70_0 .net "a", 0 0, L_0x564fa19238b0;  alias, 1 drivers
v0x564fa190fd30_0 .net "b", 0 0, L_0x564fa19239e0;  alias, 1 drivers
v0x564fa190fe00_0 .net "cout", 0 0, L_0x564fa19234c0;  alias, 1 drivers
S_0x564fa190ff70 .scope module, "h2" "half_adder" 3 14, 3 1 0, S_0x564fa190f690;
 .timescale 0 0;
    .port_info 0 /INPUT 1 "a";
    .port_info 1 /INPUT 1 "b";
    .port_info 2 /OUTPUT 1 "S";
    .port_info 3 /OUTPUT 1 "cout";
L_0x564fa1923550 .functor XOR 1, L_0x564fa1922e90, L_0x564fa1923410, C4<0>, C4<0>;
L_0x564fa19236e0 .functor AND 1, L_0x564fa1922e90, L_0x564fa1923410, C4<1>, C4<1>;
v0x564fa19101e0_0 .net "S", 0 0, L_0x564fa1923550;  alias, 1 drivers
v0x564fa19102a0_0 .net "a", 0 0, L_0x564fa1922e90;  alias, 1 drivers
v0x564fa1910390_0 .net "b", 0 0, L_0x564fa1923410;  alias, 1 drivers
v0x564fa1910490_0 .net "cout", 0 0, L_0x564fa19236e0;  alias, 1 drivers
S_0x564fa1910c20 .scope generate, "genblk1[30]" "genblk1[30]" 3 28, 3 28 0, S_0x564fa18d3bf0;
 .timescale 0 0;
P_0x564fa1910e20 .param/l "i" 0 3 28, +C4<011110>;
S_0x564fa1910f00 .scope module, "fi" "full_adder" 3 29, 3 9 0, S_0x564fa1910c20;
 .timescale 0 0;
    .port_info 0 /INPUT 1 "a";
    .port_info 1 /INPUT 1 "b";
    .port_info 2 /INPUT 1 "cin";
    .port_info 3 /OUTPUT 1 "S";
    .port_info 4 /OUTPUT 1 "cout";
L_0x564fa1924060 .functor OR 1, L_0x564fa1923db0, L_0x564fa1923fd0, C4<0>, C4<0>;
v0x564fa1911df0_0 .net "S", 0 0, L_0x564fa1923e40;  1 drivers
v0x564fa1911eb0_0 .net "a", 0 0, L_0x564fa19241a0;  1 drivers
v0x564fa1911f80_0 .net "b", 0 0, L_0x564fa19246e0;  1 drivers
v0x564fa1912080_0 .net "cin", 0 0, L_0x564fa1923770;  alias, 1 drivers
v0x564fa1912170_0 .net "cout", 0 0, L_0x564fa1924060;  alias, 1 drivers
v0x564fa1912260_0 .net "cout1", 0 0, L_0x564fa1923db0;  1 drivers
v0x564fa1912300_0 .net "cout2", 0 0, L_0x564fa1923fd0;  1 drivers
v0x564fa19123a0_0 .net "s1", 0 0, L_0x564fa1923d00;  1 drivers
S_0x564fa1911160 .scope module, "h1" "half_adder" 3 13, 3 1 0, S_0x564fa1910f00;
 .timescale 0 0;
    .port_info 0 /INPUT 1 "a";
    .port_info 1 /INPUT 1 "b";
    .port_info 2 /OUTPUT 1 "S";
    .port_info 3 /OUTPUT 1 "cout";
L_0x564fa1923d00 .functor XOR 1, L_0x564fa19241a0, L_0x564fa19246e0, C4<0>, C4<0>;
L_0x564fa1923db0 .functor AND 1, L_0x564fa19241a0, L_0x564fa19246e0, C4<1>, C4<1>;
v0x564fa1911400_0 .net "S", 0 0, L_0x564fa1923d00;  alias, 1 drivers
v0x564fa19114e0_0 .net "a", 0 0, L_0x564fa19241a0;  alias, 1 drivers
v0x564fa19115a0_0 .net "b", 0 0, L_0x564fa19246e0;  alias, 1 drivers
v0x564fa1911670_0 .net "cout", 0 0, L_0x564fa1923db0;  alias, 1 drivers
S_0x564fa19117e0 .scope module, "h2" "half_adder" 3 14, 3 1 0, S_0x564fa1910f00;
 .timescale 0 0;
    .port_info 0 /INPUT 1 "a";
    .port_info 1 /INPUT 1 "b";
    .port_info 2 /OUTPUT 1 "S";
    .port_info 3 /OUTPUT 1 "cout";
L_0x564fa1923e40 .functor XOR 1, L_0x564fa1923770, L_0x564fa1923d00, C4<0>, C4<0>;
L_0x564fa1923fd0 .functor AND 1, L_0x564fa1923770, L_0x564fa1923d00, C4<1>, C4<1>;
v0x564fa1911a50_0 .net "S", 0 0, L_0x564fa1923e40;  alias, 1 drivers
v0x564fa1911b10_0 .net "a", 0 0, L_0x564fa1923770;  alias, 1 drivers
v0x564fa1911c00_0 .net "b", 0 0, L_0x564fa1923d00;  alias, 1 drivers
v0x564fa1911d00_0 .net "cout", 0 0, L_0x564fa1923fd0;  alias, 1 drivers
S_0x564fa1912490 .scope generate, "genblk1[31]" "genblk1[31]" 3 28, 3 28 0, S_0x564fa18d3bf0;
 .timescale 0 0;
P_0x564fa1912690 .param/l "i" 0 3 28, +C4<011111>;
S_0x564fa1912770 .scope module, "fi" "full_adder" 3 29, 3 9 0, S_0x564fa1912490;
 .timescale 0 0;
    .port_info 0 /INPUT 1 "a";
    .port_info 1 /INPUT 1 "b";
    .port_info 2 /INPUT 1 "cin";
    .port_info 3 /OUTPUT 1 "S";
    .port_info 4 /OUTPUT 1 "cout";
L_0x564fa1925070 .functor OR 1, L_0x564fa1924e90, L_0x564fa1925000, C4<0>, C4<0>;
v0x564fa1913660_0 .net "S", 0 0, L_0x564fa1924f00;  1 drivers
v0x564fa1913720_0 .net "a", 0 0, L_0x564fa19250e0;  1 drivers
v0x564fa19137f0_0 .net "b", 0 0, L_0x564fa1925210;  1 drivers
v0x564fa19138f0_0 .net "cin", 0 0, L_0x564fa1924060;  alias, 1 drivers
v0x564fa19139e0_0 .net "cout", 0 0, L_0x564fa1925070;  alias, 1 drivers
v0x564fa1913ad0_0 .net "cout1", 0 0, L_0x564fa1924e90;  1 drivers
v0x564fa1913b70_0 .net "cout2", 0 0, L_0x564fa1925000;  1 drivers
v0x564fa1913c10_0 .net "s1", 0 0, L_0x564fa1924e20;  1 drivers
S_0x564fa19129d0 .scope module, "h1" "half_adder" 3 13, 3 1 0, S_0x564fa1912770;
 .timescale 0 0;
    .port_info 0 /INPUT 1 "a";
    .port_info 1 /INPUT 1 "b";
    .port_info 2 /OUTPUT 1 "S";
    .port_info 3 /OUTPUT 1 "cout";
L_0x564fa1924e20 .functor XOR 1, L_0x564fa19250e0, L_0x564fa1925210, C4<0>, C4<0>;
L_0x564fa1924e90 .functor AND 1, L_0x564fa19250e0, L_0x564fa1925210, C4<1>, C4<1>;
v0x564fa1912c70_0 .net "S", 0 0, L_0x564fa1924e20;  alias, 1 drivers
v0x564fa1912d50_0 .net "a", 0 0, L_0x564fa19250e0;  alias, 1 drivers
v0x564fa1912e10_0 .net "b", 0 0, L_0x564fa1925210;  alias, 1 drivers
v0x564fa1912ee0_0 .net "cout", 0 0, L_0x564fa1924e90;  alias, 1 drivers
S_0x564fa1913050 .scope module, "h2" "half_adder" 3 14, 3 1 0, S_0x564fa1912770;
 .timescale 0 0;
    .port_info 0 /INPUT 1 "a";
    .port_info 1 /INPUT 1 "b";
    .port_info 2 /OUTPUT 1 "S";
    .port_info 3 /OUTPUT 1 "cout";
L_0x564fa1924f00 .functor XOR 1, L_0x564fa1924060, L_0x564fa1924e20, C4<0>, C4<0>;
L_0x564fa1925000 .functor AND 1, L_0x564fa1924060, L_0x564fa1924e20, C4<1>, C4<1>;
v0x564fa19132c0_0 .net "S", 0 0, L_0x564fa1924f00;  alias, 1 drivers
v0x564fa1913380_0 .net "a", 0 0, L_0x564fa1924060;  alias, 1 drivers
v0x564fa1913470_0 .net "b", 0 0, L_0x564fa1924e20;  alias, 1 drivers
v0x564fa1913570_0 .net "cout", 0 0, L_0x564fa1925000;  alias, 1 drivers
    .scope S_0x564fa18e4900;
T_0 ;
    %vpi_call 2 10 "$monitor", "A:%d, B:%d, cin:%d, Sum:%d, Expected:%d", v0x564fa19142e0_0, v0x564fa19143c0_0, v0x564fa1914590_0, v0x564fa1914490_0, v0x564fa1914750_0 {0 0 0};
    %pushi/vec4 0, 0, 32;
    %store/vec4 v0x564fa19147f0_0, 0, 32;
T_0.0 ;
    %load/vec4 v0x564fa19147f0_0;
    %cmpi/s 1000, 0, 32;
    %jmp/0xz T_0.1, 5;
    %vpi_func 2 13 "$random" 32 {0 0 0};
    %store/vec4 v0x564fa19142e0_0, 0, 32;
    %vpi_func 2 14 "$random" 32 {0 0 0};
    %store/vec4 v0x564fa19143c0_0, 0, 32;
    %vpi_func 2 15 "$random" 32 {0 0 0};
    %pushi/vec4 2, 0, 32;
    %mod/s;
    %pad/s 1;
    %store/vec4 v0x564fa1914590_0, 0, 1;
    %load/vec4 v0x564fa19142e0_0;
    %load/vec4 v0x564fa19143c0_0;
    %add;
    %load/vec4 v0x564fa1914590_0;
    %pad/u 32;
    %add;
    %store/vec4 v0x564fa1914750_0, 0, 32;
    %delay 1000, 0;
    %load/vec4 v0x564fa19147f0_0;
    %addi 1, 0, 32;
    %store/vec4 v0x564fa19147f0_0, 0, 32;
    %jmp T_0.0;
T_0.1 ;
    %end;
    .thread T_0;
    .scope S_0x564fa18e4900;
T_1 ;
    %vpi_call 2 23 "$dumpfile", "rca_32bit.vcd" {0 0 0};
    %vpi_call 2 24 "$dumpvars", 32'sb00000000000000000000000000000000, S_0x564fa18e4900 {0 0 0};
    %end;
    .thread T_1;
# The file index is used to find the file name in the following table.
:file_names 4;
    "N/A";
    "<interactive>";
    "tb_rca_32bit.v";
    "rca_Nbit.v";
