#! /usr/bin/vvp
:ivl_version "11.0 (stable)";
:ivl_delay_selection "TYPICAL";
:vpi_time_precision + 0;
:vpi_module "/usr/lib/x86_64-linux-gnu/ivl/system.vpi";
:vpi_module "/usr/lib/x86_64-linux-gnu/ivl/vhdl_sys.vpi";
:vpi_module "/usr/lib/x86_64-linux-gnu/ivl/vhdl_textio.vpi";
:vpi_module "/usr/lib/x86_64-linux-gnu/ivl/v2005_math.vpi";
:vpi_module "/usr/lib/x86_64-linux-gnu/ivl/va_math.vpi";
S_0x55c683905c60 .scope module, "tb_gcd" "tb_gcd" 2 41;
 .timescale 0 0;
v0x55c68391b940_0 .net "g", 3 0, v0x55c68391b5d0_0;  1 drivers
v0x55c68391ba00_0 .var/i "i", 31 0;
v0x55c68391bac0_0 .var "x", 3 0;
v0x55c68391bb60_0 .var "y", 3 0;
S_0x55c683905df0 .scope module, "ins1" "gcd" 2 44, 2 1 0, S_0x55c683905c60;
 .timescale 0 0;
    .port_info 0 /INPUT 4 "x";
    .port_info 1 /INPUT 4 "y";
    .port_info 2 /OUTPUT 4 "g";
v0x55c6838c8bb0_0 .var "a", 3 0;
v0x55c6838c8fa0_0 .var "b", 3 0;
v0x55c68391b510_0 .var/i "count", 31 0;
v0x55c68391b5d0_0 .var "g", 3 0;
v0x55c68391b6b0_0 .net "x", 3 0, v0x55c68391bac0_0;  1 drivers
v0x55c68391b7e0_0 .net "y", 3 0, v0x55c68391bb60_0;  1 drivers
E_0x55c683900650/0 .event edge, v0x55c68391b6b0_0, v0x55c68391b7e0_0, v0x55c6838c8bb0_0, v0x55c6838c8fa0_0;
E_0x55c683900650/1 .event edge, v0x55c68391b510_0;
E_0x55c683900650 .event/or E_0x55c683900650/0, E_0x55c683900650/1;
    .scope S_0x55c683905df0;
T_0 ;
    %wait E_0x55c683900650;
    %load/vec4 v0x55c68391b6b0_0;
    %store/vec4 v0x55c6838c8bb0_0, 0, 4;
    %load/vec4 v0x55c68391b7e0_0;
    %store/vec4 v0x55c6838c8fa0_0, 0, 4;
    %pushi/vec4 0, 0, 32;
    %store/vec4 v0x55c68391b510_0, 0, 32;
T_0.0 ;
    %load/vec4 v0x55c6838c8bb0_0;
    %load/vec4 v0x55c6838c8fa0_0;
    %cmp/ne;
    %jmp/0xz T_0.1, 4;
    %load/vec4 v0x55c6838c8bb0_0;
    %parti/s 1, 0, 2;
    %pad/u 32;
    %pushi/vec4 0, 0, 32;
    %cmp/e;
    %flag_get/vec4 4;
    %load/vec4 v0x55c6838c8fa0_0;
    %parti/s 1, 0, 2;
    %pad/u 32;
    %pushi/vec4 0, 0, 32;
    %cmp/e;
    %flag_get/vec4 4;
    %and;
    %flag_set/vec4 8;
    %jmp/0xz  T_0.2, 8;
    %load/vec4 v0x55c6838c8bb0_0;
    %ix/load 4, 1, 0;
    %flag_set/imm 4, 0;
    %shiftr 4;
    %store/vec4 v0x55c6838c8bb0_0, 0, 4;
    %load/vec4 v0x55c6838c8fa0_0;
    %ix/load 4, 1, 0;
    %flag_set/imm 4, 0;
    %shiftr 4;
    %store/vec4 v0x55c6838c8fa0_0, 0, 4;
    %load/vec4 v0x55c68391b510_0;
    %addi 1, 0, 32;
    %store/vec4 v0x55c68391b510_0, 0, 32;
    %jmp T_0.3;
T_0.2 ;
    %load/vec4 v0x55c6838c8bb0_0;
    %parti/s 1, 0, 2;
    %pad/u 32;
    %pushi/vec4 0, 0, 32;
    %cmp/e;
    %flag_get/vec4 4;
    %load/vec4 v0x55c6838c8fa0_0;
    %parti/s 1, 0, 2;
    %pad/u 32;
    %pushi/vec4 1, 0, 32;
    %cmp/e;
    %flag_get/vec4 4;
    %and;
    %flag_set/vec4 8;
    %jmp/0xz  T_0.4, 8;
    %load/vec4 v0x55c6838c8bb0_0;
    %ix/load 4, 1, 0;
    %flag_set/imm 4, 0;
    %shiftr 4;
    %store/vec4 v0x55c6838c8bb0_0, 0, 4;
    %jmp T_0.5;
T_0.4 ;
    %load/vec4 v0x55c6838c8fa0_0;
    %parti/s 1, 0, 2;
    %pad/u 32;
    %pushi/vec4 0, 0, 32;
    %cmp/e;
    %flag_get/vec4 4;
    %load/vec4 v0x55c6838c8bb0_0;
    %parti/s 1, 0, 2;
    %pad/u 32;
    %pushi/vec4 1, 0, 32;
    %cmp/e;
    %flag_get/vec4 4;
    %and;
    %flag_set/vec4 8;
    %jmp/0xz  T_0.6, 8;
    %load/vec4 v0x55c6838c8fa0_0;
    %ix/load 4, 1, 0;
    %flag_set/imm 4, 0;
    %shiftr 4;
    %store/vec4 v0x55c6838c8fa0_0, 0, 4;
    %jmp T_0.7;
T_0.6 ;
    %load/vec4 v0x55c6838c8fa0_0;
    %load/vec4 v0x55c6838c8bb0_0;
    %cmp/u;
    %flag_or 5, 4;
    %jmp/0xz  T_0.8, 5;
    %load/vec4 v0x55c6838c8bb0_0;
    %load/vec4 v0x55c6838c8fa0_0;
    %sub;
    %store/vec4 v0x55c6838c8bb0_0, 0, 4;
    %jmp T_0.9;
T_0.8 ;
    %load/vec4 v0x55c6838c8fa0_0;
    %load/vec4 v0x55c6838c8bb0_0;
    %sub;
    %store/vec4 v0x55c6838c8fa0_0, 0, 4;
T_0.9 ;
T_0.7 ;
T_0.5 ;
T_0.3 ;
    %jmp T_0.0;
T_0.1 ;
T_0.10 ;
    %load/vec4 v0x55c68391b510_0;
    %cmpi/s 0, 0, 32;
    %flag_or 5, 4; GT is !LE
    %flag_inv 5;
    %jmp/0xz T_0.11, 5;
    %load/vec4 v0x55c6838c8bb0_0;
    %ix/load 4, 1, 0;
    %flag_set/imm 4, 0;
    %shiftl 4;
    %store/vec4 v0x55c6838c8bb0_0, 0, 4;
    %load/vec4 v0x55c68391b510_0;
    %subi 1, 0, 32;
    %store/vec4 v0x55c68391b510_0, 0, 32;
    %jmp T_0.10;
T_0.11 ;
    %load/vec4 v0x55c6838c8bb0_0;
    %store/vec4 v0x55c68391b5d0_0, 0, 4;
    %jmp T_0;
    .thread T_0, $push;
    .scope S_0x55c683905c60;
T_1 ;
    %pushi/vec4 0, 0, 32;
    %store/vec4 v0x55c68391ba00_0, 0, 32;
    %end;
    .thread T_1;
    .scope S_0x55c683905c60;
T_2 ;
    %pushi/vec4 0, 0, 32;
    %store/vec4 v0x55c68391ba00_0, 0, 32;
T_2.0 ;
    %load/vec4 v0x55c68391ba00_0;
    %cmpi/s 10, 0, 32;
    %jmp/0xz T_2.1, 5;
    %vpi_call 2 48 "$monitor", "x:%d, y:%d, gcd:%d", v0x55c68391bac0_0, v0x55c68391bb60_0, v0x55c68391b940_0 {0 0 0};
    %vpi_func 2 49 "$random" 32 {0 0 0};
    %pad/s 4;
    %store/vec4 v0x55c68391bac0_0, 0, 4;
    %vpi_func 2 50 "$random" 32 {0 0 0};
    %pad/s 4;
    %store/vec4 v0x55c68391bb60_0, 0, 4;
    %delay 1, 0;
    %load/vec4 v0x55c68391ba00_0;
    %addi 1, 0, 32;
    %store/vec4 v0x55c68391ba00_0, 0, 32;
    %jmp T_2.0;
T_2.1 ;
    %end;
    .thread T_2;
# The file index is used to find the file name in the following table.
:file_names 3;
    "N/A";
    "<interactive>";
    "gcd.v";
