#! /usr/bin/vvp
:ivl_version "11.0 (stable)";
:ivl_delay_selection "TYPICAL";
:vpi_time_precision + 0;
:vpi_module "/usr/lib/x86_64-linux-gnu/ivl/system.vpi";
:vpi_module "/usr/lib/x86_64-linux-gnu/ivl/vhdl_sys.vpi";
:vpi_module "/usr/lib/x86_64-linux-gnu/ivl/vhdl_textio.vpi";
:vpi_module "/usr/lib/x86_64-linux-gnu/ivl/v2005_math.vpi";
:vpi_module "/usr/lib/x86_64-linux-gnu/ivl/va_math.vpi";
S_0x55c34d7f11e0 .scope module, "tb" "tb" 2 8;
 .timescale 0 0;
v0x55c34d81f2e0_0 .net "c", 0 0, v0x55c34d7fed90_0;  1 drivers
v0x55c34d81f3a0_0 .var/i "i", 31 0;
v0x55c34d81f460_0 .var/i "j", 31 0;
v0x55c34d81f520_0 .net "s", 0 0, v0x55c34d7fcd70_0;  1 drivers
v0x55c34d81f5c0_0 .var "x", 0 0;
v0x55c34d81f6b0_0 .var "y", 0 0;
S_0x55c34d7f1500 .scope module, "ha" "half_adder" 2 12, 2 1 0, S_0x55c34d7f11e0;
 .timescale 0 0;
    .port_info 0 /INPUT 1 "x";
    .port_info 1 /INPUT 1 "y";
    .port_info 2 /OUTPUT 1 "s";
    .port_info 3 /OUTPUT 1 "c";
v0x55c34d7fed90_0 .var "c", 0 0;
v0x55c34d7fcd70_0 .var "s", 0 0;
v0x55c34d7fadd0_0 .net "x", 0 0, v0x55c34d81f5c0_0;  1 drivers
v0x55c34d7e7d00_0 .net "y", 0 0, v0x55c34d81f6b0_0;  1 drivers
E_0x55c34d7ef7d0 .event edge, v0x55c34d7e7d00_0, v0x55c34d7fadd0_0;
S_0x55c34d7f1370 .scope module, "tb_ripple_4_bit" "tb_ripple_4_bit" 3 8;
 .timescale 0 0;
v0x55c34d825910_0 .var "A", 3 0;
v0x55c34d8259f0_0 .var "B", 3 0;
v0x55c34d825ac0_0 .net "C", 3 0, L_0x55c34d826b70;  1 drivers
v0x55c34d825bc0_0 .var "c_f", 0 0;
v0x55c34d825c60_0 .net "c_out", 0 0, L_0x55c34d826840;  1 drivers
S_0x55c34d81f780 .scope module, "uut" "ripple_4_bit" 3 20, 3 1 0, S_0x55c34d7f1370;
 .timescale 0 0;
    .port_info 0 /INPUT 4 "A";
    .port_info 1 /INPUT 4 "B";
    .port_info 2 /INPUT 1 "c_f";
    .port_info 3 /OUTPUT 4 "C";
    .port_info 4 /OUTPUT 1 "c_out";
v0x55c34d825270_0 .net "A", 3 0, v0x55c34d825910_0;  1 drivers
v0x55c34d825330_0 .net "B", 3 0, v0x55c34d8259f0_0;  1 drivers
v0x55c34d825410_0 .net "C", 3 0, L_0x55c34d826b70;  alias, 1 drivers
v0x55c34d8254d0_0 .net "c1", 0 0, L_0x55c34d825da0;  1 drivers
v0x55c34d825570_0 .net "c2", 0 0, L_0x55c34d826100;  1 drivers
v0x55c34d825660_0 .net "c3", 0 0, L_0x55c34d8263e0;  1 drivers
v0x55c34d825700_0 .net "c_f", 0 0, v0x55c34d825bc0_0;  1 drivers
v0x55c34d8257f0_0 .net "c_out", 0 0, L_0x55c34d826840;  alias, 1 drivers
L_0x55c34d825e60 .part v0x55c34d825910_0, 0, 1;
L_0x55c34d825fc0 .part v0x55c34d8259f0_0, 0, 1;
L_0x55c34d826200 .part v0x55c34d825910_0, 1, 1;
L_0x55c34d8262f0 .part v0x55c34d8259f0_0, 1, 1;
L_0x55c34d826550 .part v0x55c34d825910_0, 2, 1;
L_0x55c34d8266d0 .part v0x55c34d8259f0_0, 2, 1;
L_0x55c34d826940 .part v0x55c34d825910_0, 3, 1;
L_0x55c34d826a30 .part v0x55c34d8259f0_0, 3, 1;
L_0x55c34d826b70 .concat8 [ 1 1 1 1], v0x55c34d8205b0_0, v0x55c34d821bc0_0, v0x55c34d823220_0, v0x55c34d8248b0_0;
S_0x55c34d81f990 .scope module, "f0" "full_adder" 3 3, 4 1 0, S_0x55c34d81f780;
 .timescale 0 0;
    .port_info 0 /INPUT 1 "x";
    .port_info 1 /INPUT 1 "y";
    .port_info 2 /INPUT 1 "z";
    .port_info 3 /OUTPUT 1 "s";
    .port_info 4 /OUTPUT 1 "c";
L_0x55c34d825da0 .functor OR 1, v0x55c34d81fe60_0, v0x55c34d8204d0_0, C4<0>, C4<0>;
v0x55c34d8208a0_0 .net "c", 0 0, L_0x55c34d825da0;  alias, 1 drivers
v0x55c34d820980_0 .net "c1", 0 0, v0x55c34d81fe60_0;  1 drivers
v0x55c34d820a40_0 .net "c2", 0 0, v0x55c34d8204d0_0;  1 drivers
v0x55c34d820b40_0 .net "s", 0 0, v0x55c34d8205b0_0;  1 drivers
v0x55c34d820c10_0 .net "s1", 0 0, v0x55c34d81ff40_0;  1 drivers
v0x55c34d820d50_0 .net "x", 0 0, L_0x55c34d825e60;  1 drivers
v0x55c34d820df0_0 .net "y", 0 0, L_0x55c34d825fc0;  1 drivers
v0x55c34d820e90_0 .net "z", 0 0, v0x55c34d825bc0_0;  alias, 1 drivers
S_0x55c34d81fba0 .scope module, "h1" "half_adder" 4 15, 2 1 0, S_0x55c34d81f990;
 .timescale 0 0;
    .port_info 0 /INPUT 1 "x";
    .port_info 1 /INPUT 1 "y";
    .port_info 2 /OUTPUT 1 "s";
    .port_info 3 /OUTPUT 1 "c";
v0x55c34d81fe60_0 .var "c", 0 0;
v0x55c34d81ff40_0 .var "s", 0 0;
v0x55c34d820000_0 .net "x", 0 0, L_0x55c34d825e60;  alias, 1 drivers
v0x55c34d8200d0_0 .net "y", 0 0, L_0x55c34d825fc0;  alias, 1 drivers
E_0x55c34d7efa20 .event edge, v0x55c34d8200d0_0, v0x55c34d820000_0;
S_0x55c34d820240 .scope module, "h2" "half_adder" 4 23, 2 1 0, S_0x55c34d81f990;
 .timescale 0 0;
    .port_info 0 /INPUT 1 "x";
    .port_info 1 /INPUT 1 "y";
    .port_info 2 /OUTPUT 1 "s";
    .port_info 3 /OUTPUT 1 "c";
v0x55c34d8204d0_0 .var "c", 0 0;
v0x55c34d8205b0_0 .var "s", 0 0;
v0x55c34d820670_0 .net "x", 0 0, v0x55c34d825bc0_0;  alias, 1 drivers
v0x55c34d820740_0 .net "y", 0 0, v0x55c34d81ff40_0;  alias, 1 drivers
E_0x55c34d7d5df0 .event edge, v0x55c34d81ff40_0, v0x55c34d820670_0;
S_0x55c34d820f90 .scope module, "f1" "full_adder" 3 4, 4 1 0, S_0x55c34d81f780;
 .timescale 0 0;
    .port_info 0 /INPUT 1 "x";
    .port_info 1 /INPUT 1 "y";
    .port_info 2 /INPUT 1 "z";
    .port_info 3 /OUTPUT 1 "s";
    .port_info 4 /OUTPUT 1 "c";
L_0x55c34d826100 .functor OR 1, v0x55c34d821470_0, v0x55c34d821ae0_0, C4<0>, C4<0>;
v0x55c34d821ea0_0 .net "c", 0 0, L_0x55c34d826100;  alias, 1 drivers
v0x55c34d821f80_0 .net "c1", 0 0, v0x55c34d821470_0;  1 drivers
v0x55c34d822040_0 .net "c2", 0 0, v0x55c34d821ae0_0;  1 drivers
v0x55c34d822140_0 .net "s", 0 0, v0x55c34d821bc0_0;  1 drivers
v0x55c34d822210_0 .net "s1", 0 0, v0x55c34d821550_0;  1 drivers
v0x55c34d822350_0 .net "x", 0 0, L_0x55c34d826200;  1 drivers
v0x55c34d8223f0_0 .net "y", 0 0, L_0x55c34d8262f0;  1 drivers
v0x55c34d822490_0 .net "z", 0 0, L_0x55c34d825da0;  alias, 1 drivers
S_0x55c34d8211f0 .scope module, "h1" "half_adder" 4 15, 2 1 0, S_0x55c34d820f90;
 .timescale 0 0;
    .port_info 0 /INPUT 1 "x";
    .port_info 1 /INPUT 1 "y";
    .port_info 2 /OUTPUT 1 "s";
    .port_info 3 /OUTPUT 1 "c";
v0x55c34d821470_0 .var "c", 0 0;
v0x55c34d821550_0 .var "s", 0 0;
v0x55c34d821610_0 .net "x", 0 0, L_0x55c34d826200;  alias, 1 drivers
v0x55c34d8216e0_0 .net "y", 0 0, L_0x55c34d8262f0;  alias, 1 drivers
E_0x55c34d800880 .event edge, v0x55c34d8216e0_0, v0x55c34d821610_0;
S_0x55c34d821850 .scope module, "h2" "half_adder" 4 23, 2 1 0, S_0x55c34d820f90;
 .timescale 0 0;
    .port_info 0 /INPUT 1 "x";
    .port_info 1 /INPUT 1 "y";
    .port_info 2 /OUTPUT 1 "s";
    .port_info 3 /OUTPUT 1 "c";
v0x55c34d821ae0_0 .var "c", 0 0;
v0x55c34d821bc0_0 .var "s", 0 0;
v0x55c34d821c80_0 .net "x", 0 0, L_0x55c34d825da0;  alias, 1 drivers
v0x55c34d821d80_0 .net "y", 0 0, v0x55c34d821550_0;  alias, 1 drivers
E_0x55c34d801ff0 .event edge, v0x55c34d821550_0, v0x55c34d8208a0_0;
S_0x55c34d822580 .scope module, "f2" "full_adder" 3 5, 4 1 0, S_0x55c34d81f780;
 .timescale 0 0;
    .port_info 0 /INPUT 1 "x";
    .port_info 1 /INPUT 1 "y";
    .port_info 2 /INPUT 1 "z";
    .port_info 3 /OUTPUT 1 "s";
    .port_info 4 /OUTPUT 1 "c";
L_0x55c34d8263e0 .functor OR 1, v0x55c34d822ab0_0, v0x55c34d823140_0, C4<0>, C4<0>;
v0x55c34d823500_0 .net "c", 0 0, L_0x55c34d8263e0;  alias, 1 drivers
v0x55c34d8235e0_0 .net "c1", 0 0, v0x55c34d822ab0_0;  1 drivers
v0x55c34d8236a0_0 .net "c2", 0 0, v0x55c34d823140_0;  1 drivers
v0x55c34d8237a0_0 .net "s", 0 0, v0x55c34d823220_0;  1 drivers
v0x55c34d823870_0 .net "s1", 0 0, v0x55c34d822b70_0;  1 drivers
v0x55c34d8239b0_0 .net "x", 0 0, L_0x55c34d826550;  1 drivers
v0x55c34d823a50_0 .net "y", 0 0, L_0x55c34d8266d0;  1 drivers
v0x55c34d823af0_0 .net "z", 0 0, L_0x55c34d826100;  alias, 1 drivers
S_0x55c34d822810 .scope module, "h1" "half_adder" 4 15, 2 1 0, S_0x55c34d822580;
 .timescale 0 0;
    .port_info 0 /INPUT 1 "x";
    .port_info 1 /INPUT 1 "y";
    .port_info 2 /OUTPUT 1 "s";
    .port_info 3 /OUTPUT 1 "c";
v0x55c34d822ab0_0 .var "c", 0 0;
v0x55c34d822b70_0 .var "s", 0 0;
v0x55c34d822c30_0 .net "x", 0 0, L_0x55c34d826550;  alias, 1 drivers
v0x55c34d822d00_0 .net "y", 0 0, L_0x55c34d8266d0;  alias, 1 drivers
E_0x55c34d802030 .event edge, v0x55c34d822d00_0, v0x55c34d822c30_0;
S_0x55c34d822e70 .scope module, "h2" "half_adder" 4 23, 2 1 0, S_0x55c34d822580;
 .timescale 0 0;
    .port_info 0 /INPUT 1 "x";
    .port_info 1 /INPUT 1 "y";
    .port_info 2 /OUTPUT 1 "s";
    .port_info 3 /OUTPUT 1 "c";
v0x55c34d823140_0 .var "c", 0 0;
v0x55c34d823220_0 .var "s", 0 0;
v0x55c34d8232e0_0 .net "x", 0 0, L_0x55c34d826100;  alias, 1 drivers
v0x55c34d8233e0_0 .net "y", 0 0, v0x55c34d822b70_0;  alias, 1 drivers
E_0x55c34d8230e0 .event edge, v0x55c34d822b70_0, v0x55c34d821ea0_0;
S_0x55c34d823be0 .scope module, "f3" "full_adder" 3 6, 4 1 0, S_0x55c34d81f780;
 .timescale 0 0;
    .port_info 0 /INPUT 1 "x";
    .port_info 1 /INPUT 1 "y";
    .port_info 2 /INPUT 1 "z";
    .port_info 3 /OUTPUT 1 "s";
    .port_info 4 /OUTPUT 1 "c";
L_0x55c34d826840 .functor OR 1, v0x55c34d824120_0, v0x55c34d8247d0_0, C4<0>, C4<0>;
v0x55c34d824b90_0 .net "c", 0 0, L_0x55c34d826840;  alias, 1 drivers
v0x55c34d824c70_0 .net "c1", 0 0, v0x55c34d824120_0;  1 drivers
v0x55c34d824d30_0 .net "c2", 0 0, v0x55c34d8247d0_0;  1 drivers
v0x55c34d824e30_0 .net "s", 0 0, v0x55c34d8248b0_0;  1 drivers
v0x55c34d824f00_0 .net "s1", 0 0, v0x55c34d824200_0;  1 drivers
v0x55c34d825040_0 .net "x", 0 0, L_0x55c34d826940;  1 drivers
v0x55c34d8250e0_0 .net "y", 0 0, L_0x55c34d826a30;  1 drivers
v0x55c34d825180_0 .net "z", 0 0, L_0x55c34d8263e0;  alias, 1 drivers
S_0x55c34d823e40 .scope module, "h1" "half_adder" 4 15, 2 1 0, S_0x55c34d823be0;
 .timescale 0 0;
    .port_info 0 /INPUT 1 "x";
    .port_info 1 /INPUT 1 "y";
    .port_info 2 /OUTPUT 1 "s";
    .port_info 3 /OUTPUT 1 "c";
v0x55c34d824120_0 .var "c", 0 0;
v0x55c34d824200_0 .var "s", 0 0;
v0x55c34d8242c0_0 .net "x", 0 0, L_0x55c34d826940;  alias, 1 drivers
v0x55c34d824390_0 .net "y", 0 0, L_0x55c34d826a30;  alias, 1 drivers
E_0x55c34d8240c0 .event edge, v0x55c34d824390_0, v0x55c34d8242c0_0;
S_0x55c34d824500 .scope module, "h2" "half_adder" 4 23, 2 1 0, S_0x55c34d823be0;
 .timescale 0 0;
    .port_info 0 /INPUT 1 "x";
    .port_info 1 /INPUT 1 "y";
    .port_info 2 /OUTPUT 1 "s";
    .port_info 3 /OUTPUT 1 "c";
v0x55c34d8247d0_0 .var "c", 0 0;
v0x55c34d8248b0_0 .var "s", 0 0;
v0x55c34d824970_0 .net "x", 0 0, L_0x55c34d8263e0;  alias, 1 drivers
v0x55c34d824a70_0 .net "y", 0 0, v0x55c34d824200_0;  alias, 1 drivers
E_0x55c34d824770 .event edge, v0x55c34d824200_0, v0x55c34d823500_0;
    .scope S_0x55c34d7f1500;
T_0 ;
    %wait E_0x55c34d7ef7d0;
    %load/vec4 v0x55c34d7fadd0_0;
    %load/vec4 v0x55c34d7e7d00_0;
    %xor;
    %store/vec4 v0x55c34d7fcd70_0, 0, 1;
    %load/vec4 v0x55c34d7fadd0_0;
    %load/vec4 v0x55c34d7e7d00_0;
    %and;
    %store/vec4 v0x55c34d7fed90_0, 0, 1;
    %jmp T_0;
    .thread T_0, $push;
    .scope S_0x55c34d7f11e0;
T_1 ;
    %vpi_call 2 14 "$monitor", "x:%b y:%b sum:%b carry:%b", v0x55c34d81f5c0_0, v0x55c34d81f6b0_0, v0x55c34d81f520_0, v0x55c34d81f2e0_0 {0 0 0};
    %pushi/vec4 0, 0, 32;
    %store/vec4 v0x55c34d81f3a0_0, 0, 32;
T_1.0 ;
    %load/vec4 v0x55c34d81f3a0_0;
    %cmpi/s 2, 0, 32;
    %jmp/0xz T_1.1, 5;
    %pushi/vec4 0, 0, 32;
    %store/vec4 v0x55c34d81f460_0, 0, 32;
T_1.2 ;
    %load/vec4 v0x55c34d81f460_0;
    %cmpi/s 2, 0, 32;
    %jmp/0xz T_1.3, 5;
    %load/vec4 v0x55c34d81f3a0_0;
    %pad/s 1;
    %assign/vec4 v0x55c34d81f5c0_0, 0;
    %load/vec4 v0x55c34d81f460_0;
    %pad/s 1;
    %assign/vec4 v0x55c34d81f6b0_0, 0;
    %delay 2, 0;
    %load/vec4 v0x55c34d81f460_0;
    %addi 1, 0, 32;
    %store/vec4 v0x55c34d81f460_0, 0, 32;
    %jmp T_1.2;
T_1.3 ;
    %load/vec4 v0x55c34d81f3a0_0;
    %addi 1, 0, 32;
    %store/vec4 v0x55c34d81f3a0_0, 0, 32;
    %jmp T_1.0;
T_1.1 ;
    %end;
    .thread T_1;
    .scope S_0x55c34d81fba0;
T_2 ;
    %wait E_0x55c34d7efa20;
    %load/vec4 v0x55c34d820000_0;
    %load/vec4 v0x55c34d8200d0_0;
    %xor;
    %store/vec4 v0x55c34d81ff40_0, 0, 1;
    %load/vec4 v0x55c34d820000_0;
    %load/vec4 v0x55c34d8200d0_0;
    %and;
    %store/vec4 v0x55c34d81fe60_0, 0, 1;
    %jmp T_2;
    .thread T_2, $push;
    .scope S_0x55c34d820240;
T_3 ;
    %wait E_0x55c34d7d5df0;
    %load/vec4 v0x55c34d820670_0;
    %load/vec4 v0x55c34d820740_0;
    %xor;
    %store/vec4 v0x55c34d8205b0_0, 0, 1;
    %load/vec4 v0x55c34d820670_0;
    %load/vec4 v0x55c34d820740_0;
    %and;
    %store/vec4 v0x55c34d8204d0_0, 0, 1;
    %jmp T_3;
    .thread T_3, $push;
    .scope S_0x55c34d8211f0;
T_4 ;
    %wait E_0x55c34d800880;
    %load/vec4 v0x55c34d821610_0;
    %load/vec4 v0x55c34d8216e0_0;
    %xor;
    %store/vec4 v0x55c34d821550_0, 0, 1;
    %load/vec4 v0x55c34d821610_0;
    %load/vec4 v0x55c34d8216e0_0;
    %and;
    %store/vec4 v0x55c34d821470_0, 0, 1;
    %jmp T_4;
    .thread T_4, $push;
    .scope S_0x55c34d821850;
T_5 ;
    %wait E_0x55c34d801ff0;
    %load/vec4 v0x55c34d821c80_0;
    %load/vec4 v0x55c34d821d80_0;
    %xor;
    %store/vec4 v0x55c34d821bc0_0, 0, 1;
    %load/vec4 v0x55c34d821c80_0;
    %load/vec4 v0x55c34d821d80_0;
    %and;
    %store/vec4 v0x55c34d821ae0_0, 0, 1;
    %jmp T_5;
    .thread T_5, $push;
    .scope S_0x55c34d822810;
T_6 ;
    %wait E_0x55c34d802030;
    %load/vec4 v0x55c34d822c30_0;
    %load/vec4 v0x55c34d822d00_0;
    %xor;
    %store/vec4 v0x55c34d822b70_0, 0, 1;
    %load/vec4 v0x55c34d822c30_0;
    %load/vec4 v0x55c34d822d00_0;
    %and;
    %store/vec4 v0x55c34d822ab0_0, 0, 1;
    %jmp T_6;
    .thread T_6, $push;
    .scope S_0x55c34d822e70;
T_7 ;
    %wait E_0x55c34d8230e0;
    %load/vec4 v0x55c34d8232e0_0;
    %load/vec4 v0x55c34d8233e0_0;
    %xor;
    %store/vec4 v0x55c34d823220_0, 0, 1;
    %load/vec4 v0x55c34d8232e0_0;
    %load/vec4 v0x55c34d8233e0_0;
    %and;
    %store/vec4 v0x55c34d823140_0, 0, 1;
    %jmp T_7;
    .thread T_7, $push;
    .scope S_0x55c34d823e40;
T_8 ;
    %wait E_0x55c34d8240c0;
    %load/vec4 v0x55c34d8242c0_0;
    %load/vec4 v0x55c34d824390_0;
    %xor;
    %store/vec4 v0x55c34d824200_0, 0, 1;
    %load/vec4 v0x55c34d8242c0_0;
    %load/vec4 v0x55c34d824390_0;
    %and;
    %store/vec4 v0x55c34d824120_0, 0, 1;
    %jmp T_8;
    .thread T_8, $push;
    .scope S_0x55c34d824500;
T_9 ;
    %wait E_0x55c34d824770;
    %load/vec4 v0x55c34d824970_0;
    %load/vec4 v0x55c34d824a70_0;
    %xor;
    %store/vec4 v0x55c34d8248b0_0, 0, 1;
    %load/vec4 v0x55c34d824970_0;
    %load/vec4 v0x55c34d824a70_0;
    %and;
    %store/vec4 v0x55c34d8247d0_0, 0, 1;
    %jmp T_9;
    .thread T_9, $push;
    .scope S_0x55c34d7f1370;
T_10 ;
    %pushi/vec4 0, 0, 4;
    %store/vec4 v0x55c34d825910_0, 0, 4;
    %pushi/vec4 0, 0, 4;
    %store/vec4 v0x55c34d8259f0_0, 0, 4;
    %pushi/vec4 0, 0, 1;
    %store/vec4 v0x55c34d825bc0_0, 0, 1;
    %delay 10, 0;
    %pushi/vec4 1, 0, 4;
    %store/vec4 v0x55c34d825910_0, 0, 4;
    %pushi/vec4 1, 0, 4;
    %store/vec4 v0x55c34d8259f0_0, 0, 4;
    %pushi/vec4 0, 0, 1;
    %store/vec4 v0x55c34d825bc0_0, 0, 1;
    %delay 10, 0;
    %pushi/vec4 2, 0, 4;
    %store/vec4 v0x55c34d825910_0, 0, 4;
    %pushi/vec4 3, 0, 4;
    %store/vec4 v0x55c34d8259f0_0, 0, 4;
    %pushi/vec4 0, 0, 1;
    %store/vec4 v0x55c34d825bc0_0, 0, 1;
    %delay 10, 0;
    %pushi/vec4 6, 0, 4;
    %store/vec4 v0x55c34d825910_0, 0, 4;
    %pushi/vec4 5, 0, 4;
    %store/vec4 v0x55c34d8259f0_0, 0, 4;
    %pushi/vec4 1, 0, 1;
    %store/vec4 v0x55c34d825bc0_0, 0, 1;
    %delay 10, 0;
    %pushi/vec4 15, 0, 4;
    %store/vec4 v0x55c34d825910_0, 0, 4;
    %pushi/vec4 15, 0, 4;
    %store/vec4 v0x55c34d8259f0_0, 0, 4;
    %pushi/vec4 1, 0, 1;
    %store/vec4 v0x55c34d825bc0_0, 0, 1;
    %delay 10, 0;
    %pushi/vec4 5, 0, 4;
    %store/vec4 v0x55c34d825910_0, 0, 4;
    %pushi/vec4 3, 0, 4;
    %store/vec4 v0x55c34d8259f0_0, 0, 4;
    %pushi/vec4 0, 0, 1;
    %store/vec4 v0x55c34d825bc0_0, 0, 1;
    %delay 10, 0;
    %pushi/vec4 9, 0, 4;
    %store/vec4 v0x55c34d825910_0, 0, 4;
    %pushi/vec4 9, 0, 4;
    %store/vec4 v0x55c34d8259f0_0, 0, 4;
    %pushi/vec4 0, 0, 1;
    %store/vec4 v0x55c34d825bc0_0, 0, 1;
    %delay 10, 0;
    %pushi/vec4 6, 0, 4;
    %store/vec4 v0x55c34d825910_0, 0, 4;
    %pushi/vec4 8, 0, 4;
    %store/vec4 v0x55c34d8259f0_0, 0, 4;
    %pushi/vec4 1, 0, 1;
    %store/vec4 v0x55c34d825bc0_0, 0, 1;
    %delay 10, 0;
    %pushi/vec4 10, 0, 4;
    %store/vec4 v0x55c34d825910_0, 0, 4;
    %pushi/vec4 5, 0, 4;
    %store/vec4 v0x55c34d8259f0_0, 0, 4;
    %pushi/vec4 1, 0, 1;
    %store/vec4 v0x55c34d825bc0_0, 0, 1;
    %delay 10, 0;
    %vpi_call 3 48 "$finish" {0 0 0};
    %end;
    .thread T_10;
    .scope S_0x55c34d7f1370;
T_11 ;
    %vpi_call 3 53 "$monitor", "At time %t: A = %b, B = %b, c_f = %b -> C = %b, c_out = %b", $time, v0x55c34d825910_0, v0x55c34d8259f0_0, v0x55c34d825bc0_0, v0x55c34d825ac0_0, v0x55c34d825c60_0 {0 0 0};
    %end;
    .thread T_11;
# The file index is used to find the file name in the following table.
:file_names 5;
    "N/A";
    "<interactive>";
    "half_adder.v";
    "ripple_carry_adder.v";
    "full_adder.v";
